#
# A fatal error has been detected by the Java Runtime Environment:
#
#  EXCEPTION_ACCESS_VIOLATION (0xc0000005) at pc=0x00007ffdbdb6a7db, pid=21512, tid=2372
#
# JRE version: Java(TM) SE Runtime Environment (13.0.2+8) (build 13.0.2+8)
# Java VM: Java HotSpot(TM) 64-Bit Server VM (13.0.2+8, mixed mode, sharing, tiered, compressed oops, g1 gc, windows-amd64)
# Problematic frame:
# V  [jvm.dll+0x5da7db]
#
# No core dump will be written. Minidumps are not enabled by default on client versions of Windows
#
# If you would like to submit a bug report, please visit:
#   http://bugreport.java.com/bugreport/crash.jsp
#

---------------  S U M M A R Y ------------

Command Line: -agentpath:C:/Program Files/NetBeans-11.3/netbeans/profiler/lib/deployed/jdk16/windows-amd64/profilerinterface.dll=C:\Program Files\NetBeans-11.3\netbeans\profiler\lib,5140,10 -XX:+HeapDumpOnOutOfMemoryError -XX:HeapDumpPath=C:\Users\Gaming\AppData\Local\NetBeans\Cache\11.3\mavencachedirs\2111395089\org-netbeans-modules-profiler com.example.mymovies.MyMoviesApplication

Host: Intel(R) Core(TM) i7-4720HQ CPU @ 2.60GHz, 5 cores, 11G,  Windows 10 , 64 bit Build 18362 (10.0.18362.329)
Time: Thu Jul  9 16:00:29 2020 Malay Peninsula Standard Time elapsed time: 2 seconds (0d 0h 0m 2s)

---------------  T H R E A D  ---------------

Current thread (0x0000017fa56b6800):  JavaThread "*** Profiler Agent Communication Thread" daemon [_thread_in_vm, id=2372, stack(0x0000000d96100000,0x0000000d96200000)]

Stack: [0x0000000d96100000,0x0000000d96200000],  sp=0x0000000d961fecf0,  free space=1019k
Native frames: (J=compiled Java code, j=interpreted, Vv=VM code, C=native code)
V  [jvm.dll+0x5da7db]
V  [jvm.dll+0x4a6f64]
C  [profilerinterface.dll+0x34da]

Java frames: (J=compiled Java code, j=interpreted, Vv=VM code)
j  org.netbeans.lib.profiler.server.system.Stacks.getMethodNamesForJMethodIds(I[I[I)[B+0
j  org.netbeans.lib.profiler.server.ProfilerInterface.getMethodNamesForJMethodIds([I)Lorg/netbeans/lib/profiler/wireprotocol/MethodNamesResponse;+20
j  org.netbeans.lib.profiler.server.ProfilerServer.handleClientCommand(Lorg/netbeans/lib/profiler/wireprotocol/Command;)V+691
j  org.netbeans.lib.profiler.server.ProfilerServer.listenToClient()V+48
j  org.netbeans.lib.profiler.server.ProfilerServer.run()V+22
v  ~StubRoutines::call_stub

siginfo: EXCEPTION_ACCESS_VIOLATION (0xc0000005), reading address 0xffffffffa639f0d0


Register to memory mapping:

RIP=0x00007ffdbdb6a7db jvm.dll
RAX=0x0000000d961fed01 is pointing into the stack for thread: 0x0000017fa56b6800
RBX=0x0000017fa56b6800 is a thread
RCX=0xffffffffa639f0d0 is an unknown value
RDX=0x0000017fa56b6800 is a thread
RSP=0x0000000d961fecf0 is pointing into the stack for thread: 0x0000017fa56b6800
RBP=0xffffffffa639f0d0 is an unknown value
RSI=0x0000000d961fee10 is pointing into the stack for thread: 0x0000017fa56b6800
RDI=0x0000017f81235550 points into unknown readable memory: a0 58 f9 bd fd 7f 00 00
R8 =0x0000000d961fee10 is pointing into the stack for thread: 0x0000017fa56b6800
R9 =0x0000000000000001 is an unknown value
R10=0x0 is NULL
R11=0x0000000d961fece8 is pointing into the stack for thread: 0x0000017fa56b6800
R12=0x0000017fa761cb10 points into unknown readable memory: d0 f0 39 26 88 06 bd 26
R13=0x00000000000002c8 is an unknown value
R14=0x00007ffe28469c68 profilerinterface.dll
R15=0x00007ffe28469a60 profilerinterface.dll


Registers:
RAX=0x0000000d961fed01, RBX=0x0000017fa56b6800, RCX=0xffffffffa639f0d0, RDX=0x0000017fa56b6800
RSP=0x0000000d961fecf0, RBP=0xffffffffa639f0d0, RSI=0x0000000d961fee10, RDI=0x0000017f81235550
R8 =0x0000000d961fee10, R9 =0x0000000000000001, R10=0x0000000000000000, R11=0x0000000d961fece8
R12=0x0000017fa761cb10, R13=0x00000000000002c8, R14=0x00007ffe28469c68, R15=0x00007ffe28469a60
RIP=0x00007ffdbdb6a7db, EFLAGS=0x0000000000010282

Top of Stack: (sp=0x0000000d961fecf0)
0x0000000d961fecf0:   00000000000002c8 0000000000000000
0x0000000d961fed00:   000000074c995138 00007ffdbd9559ac
0x0000000d961fed10:   0000017fa56b6800 00007ffdbda36f64
0x0000000d961fed20:   00000000000002c8 0000017fa56b6800
0x0000000d961fed30:   0000017fa56b6b10 00007ffe2cc39da0
0x0000000d961fed40:   0000017fa56b6800 0000000000000000
0x0000000d961fed50:   0000000000000000 0000000000000000
0x0000000d961fed60:   ffffffffa639f0d0 00007ffe284634da
0x0000000d961fed70:   0000000000000000 0000017fa56b6b10
0x0000000d961fed80:   000000000000741f 0000000d961feec0
0x0000000d961fed90:   0000017fa761cb10 00007ffdbd909177
0x0000000d961feda0:   0000000d961fedc0 0000017fa4d24230
0x0000000d961fedb0:   00000000001532bb 0000017f8b0cfe75
0x0000000d961fedc0:   0000017fa4559010 0000017fa56b6800
0x0000000d961fedd0:   0000017fa56b6800 0000017fa4559010
0x0000000d961fede0:   0000000000000000 0000017fa427e480 

Instructions: (pc=0x00007ffdbdb6a7db)
0x00007ffdbdb6a6db:   c6 05 01 d5 47 00 01 eb 61 48 8b 54 24 20 45 33
0x00007ffdbdb6a6eb:   c0 48 8b 05 95 4e 43 00 48 83 c2 18 48 8b ce ff
0x00007ffdbdb6a6fb:   d0 48 85 c0 74 20 48 8b 44 24 20 48 8b d6 48 8b
0x00007ffdbdb6a70b:   48 08 48 8b 41 08 48 8b 48 18 48 8b 89 98 00 00
0x00007ffdbdb6a71b:   00 e8 1f f8 ff ff 38 1d 26 fc 49 00 74 13 48 8b
0x00007ffdbdb6a72b:   4c 24 20 48 8b d7 e8 8a 2b 00 00 48 39 5f 08 75
0x00007ffdbdb6a73b:   09 48 8b 44 24 20 48 8b 58 18 48 8d 4c 24 20 e8
0x00007ffdbdb6a74b:   51 99 d6 ff 48 8b 74 24 48 48 8b c3 48 8b 5c 24
0x00007ffdbdb6a75b:   40 48 83 c4 30 5f c3 cc cc cc cc cc cc cc cc cc
0x00007ffdbdb6a76b:   cc cc cc cc cc 48 8b 51 08 4c 8b c1 48 8b 42 08
0x00007ffdbdb6a77b:   0f b6 52 24 c0 ea 06 48 8b 48 18 8b 81 a4 00 00
0x00007ffdbdb6a78b:   00 f6 c2 01 75 27 48 85 c9 74 14 8b c8 c1 e9 09
0x00007ffdbdb6a79b:   f6 c1 01 74 0a 41 f7 40 20 02 04 00 00 74 0e 41
0x00007ffdbdb6a7ab:   8b 48 20 0b c8 f6 c1 10 74 03 b0 01 c3 41 83 78
0x00007ffdbdb6a7bb:   24 fe 0f 94 c0 c3 cc cc cc cc cc cc cc cc cc cc
0x00007ffdbdb6a7cb:   cc cc cc cc cc 40 53 48 83 ec 20 48 85 c9 74 24
0x00007ffdbdb6a7db:   48 8b 19 48 85 db 74 1c 48 83 fb 37 74 16 48 8b
0x00007ffdbdb6a7eb:   13 48 8b cb ff 52 10 84 c0 74 09 48 8b c3 48 83
0x00007ffdbdb6a7fb:   c4 20 5b c3 33 c0 48 83 c4 20 5b c3 cc cc cc cc
0x00007ffdbdb6a80b:   cc cc cc cc cc 40 53 55 41 56 41 57 48 83 ec 28
0x00007ffdbdb6a81b:   48 8b 41 08 33 ed 4c 8b f1 48 8b 50 08 4c 8b 7a
0x00007ffdbdb6a82b:   18 49 8b 9f 78 01 00 00 48 85 db 0f 84 d5 00 00
0x00007ffdbdb6a83b:   00 8b 15 52 af 4e 00 65 48 8b 04 25 58 00 00 00
0x00007ffdbdb6a84b:   48 89 74 24 50 4c 89 64 24 60 4c 89 6c 24 20 41
0x00007ffdbdb6a85b:   bd ff ff 00 00 4c 8d 24 d0 41 b8 08 00 00 00 48
0x00007ffdbdb6a86b:   89 7c 24 58 90 49 8b 56 08 48 8b 73 10 0f b7 42
0x00007ffdbdb6a87b:   2a 66 39 43 08 75 6c 0f b7 42 2c 66 39 43 0a 75
0x00007ffdbdb6a88b:   62 48 63 4b 04 0f b6 03 88 44 11 38 49 8b 04 24
0x00007ffdbdb6a89b:   41 8b c8 48 8b 3c 01 49 8b ce 48 8b d7 e8 f3 4d
0x00007ffdbdb6a8ab:   bd ff 48 83 7f 08 00 75 0a 48 85 c0 74 05 66 44
0x00007ffdbdb6a8bb:   01 68 16 48 85 ed 74 14 48 8b cb 48 89 75 10 e8
0x00007ffdbdb6a8cb:   81 e3 ad ff 41 b8 08 00 00 00 eb 1a 48 8b cb 49 


Stack slot to memory mapping:
stack at sp + 0 slots: 0x00000000000002c8 is an unknown value
stack at sp + 1 slots: 0x0 is NULL
stack at sp + 2 slots: 0x000000074c995138 is an oop: [I 
{0x000000074c995138} - klass: {type array int}
 - length: 712
stack at sp + 3 slots: 0x00007ffdbd9559ac jvm.dll
stack at sp + 4 slots: 0x0000017fa56b6800 is a thread
stack at sp + 5 slots: 0x00007ffdbda36f64 jvm.dll
stack at sp + 6 slots: 0x00000000000002c8 is an unknown value
stack at sp + 7 slots: 0x0000017fa56b6800 is a thread


---------------  P R O C E S S  ---------------

Threads class SMR info:
_java_thread_list=0x0000017fa6a94f70, length=18, elements={
0x0000017f8136b800, 0x0000017fa4a01000, 0x0000017fa4a05000, 0x0000017fa4a35800,
0x0000017fa4a36800, 0x0000017fa4a37800, 0x0000017fa4a3c800, 0x0000017fa4a3f800,
0x0000017fa4b82800, 0x0000017fa56b6800, 0x0000017fa56b0000, 0x0000017fa56a8800,
0x0000017fa5950000, 0x0000017fa594f800, 0x0000017fa621b000, 0x0000017fa615f000,
0x0000017fa6160000, 0x0000017fa5837000
}

Java Threads: ( => current thread )
  0x0000017f8136b800 JavaThread "main" [_thread_blocked, id=22420, stack(0x0000000d95200000,0x0000000d95300000)]
  0x0000017fa4a01000 JavaThread "Reference Handler" daemon [_thread_blocked, id=29228, stack(0x0000000d95900000,0x0000000d95a00000)]
  0x0000017fa4a05000 JavaThread "Finalizer" daemon [_thread_blocked, id=29836, stack(0x0000000d95a00000,0x0000000d95b00000)]
  0x0000017fa4a35800 JavaThread "Signal Dispatcher" daemon [_thread_blocked, id=30608, stack(0x0000000d95b00000,0x0000000d95c00000)]
  0x0000017fa4a36800 JavaThread "Attach Listener" daemon [_thread_blocked, id=22208, stack(0x0000000d95c00000,0x0000000d95d00000)]
  0x0000017fa4a37800 JavaThread "C2 CompilerThread0" daemon [_thread_blocked, id=9724, stack(0x0000000d95d00000,0x0000000d95e00000)]
  0x0000017fa4a3c800 JavaThread "C1 CompilerThread0" daemon [_thread_blocked, id=28012, stack(0x0000000d95e00000,0x0000000d95f00000)]
  0x0000017fa4a3f800 JavaThread "Sweeper thread" daemon [_thread_blocked, id=14848, stack(0x0000000d95f00000,0x0000000d96000000)]
  0x0000017fa4b82800 JavaThread "Common-Cleaner" daemon [_thread_blocked, id=6136, stack(0x0000000d96000000,0x0000000d96100000)]
=>0x0000017fa56b6800 JavaThread "*** Profiler Agent Communication Thread" daemon [_thread_in_vm, id=2372, stack(0x0000000d96100000,0x0000000d96200000)]
  0x0000017fa56b0000 JavaThread "*** JFluid Monitor thread ***" daemon [_thread_blocked, id=26976, stack(0x0000000d96200000,0x0000000d96300000)]
  0x0000017fa56a8800 JavaThread "*** Profiler Agent Special Execution Thread 6" daemon [_thread_blocked, id=25268, stack(0x0000000d96300000,0x0000000d96400000)]
  0x0000017fa5950000 JavaThread "*** Profiler Agent Special Execution Thread 10" daemon [_thread_blocked, id=19204, stack(0x0000000d96500000,0x0000000d96600000)]
  0x0000017fa594f800 JavaThread "Service Thread" daemon [_thread_blocked, id=28784, stack(0x0000000d96400000,0x0000000d96500000)]
  0x0000017fa621b000 JavaThread "C2 CompilerThread1" daemon [_thread_blocked, id=29880, stack(0x0000000d96b00000,0x0000000d96c00000)]
  0x0000017fa615f000 JavaThread "Thread-5" [_thread_blocked, id=24824, stack(0x0000000d96c00000,0x0000000d96d00000)]
  0x0000017fa6160000 JavaThread "restartedMain" [_thread_blocked, id=30184, stack(0x0000000d96d00000,0x0000000d96e00000)]
  0x0000017fa5837000 JavaThread "background-preinit" [_thread_blocked, id=17684, stack(0x0000000d96e00000,0x0000000d96f00000)]

Other Threads:
  0x0000017fa4a13800 VMThread "VM Thread" [stack: 0x0000000d95800000,0x0000000d95900000] [id=25776] _threads_hazard_ptr=0x0000017fa6a94f70
  0x0000017fa5971800 WatcherThread [stack: 0x0000000d96600000,0x0000000d96700000] [id=22216]
  0x0000017f813c3000 GCTaskThread "GC Thread#0" [stack: 0x0000000d95300000,0x0000000d95400000] [id=17504]
  0x0000017fa6130800 GCTaskThread "GC Thread#1" [stack: 0x0000000d96700000,0x0000000d96800000] [id=29984]
  0x0000017fa57c1000 GCTaskThread "GC Thread#2" [stack: 0x0000000d96800000,0x0000000d96900000] [id=27532]
  0x0000017fa57c2000 GCTaskThread "GC Thread#3" [stack: 0x0000000d96900000,0x0000000d96a00000] [id=24800]
  0x0000017f813de000 ConcurrentGCThread "G1 Main Marker" [stack: 0x0000000d95400000,0x0000000d95500000] [id=19276]
  0x0000017f813df800 ConcurrentGCThread "G1 Conc#0" [stack: 0x0000000d95500000,0x0000000d95600000] [id=10304]
  0x0000017fa4080800 ConcurrentGCThread "G1 Refine#0" [stack: 0x0000000d95600000,0x0000000d95700000] [id=25184]
  0x0000017fa4cbd800 ConcurrentGCThread "G1 Refine#1" [stack: 0x0000000d96a00000,0x0000000d96b00000] [id=30296]
  0x0000017fa4082000 ConcurrentGCThread "G1 Young RemSet Sampling" [stack: 0x0000000d95700000,0x0000000d95800000] [id=1144]

Threads with active compile tasks:
C2 CompilerThread0     2633 1644       4       java.lang.AbstractStringBuilder::append (55 bytes)
C1 CompilerThread0     2633 1648       3       java.io.ObjectInputStream$BlockDataInputStream::readInt (73 bytes)
C2 CompilerThread1     2633 1614       4       jdk.internal.loader.URLClassPath$JarLoader::findResource (18 bytes)

VM state:synchronizing (normal execution)

VM Mutex/Monitor currently owned by a thread:  ([mutex/lock_event])
[0x0000017f81368750] Threads_lock - owner thread: 0x0000017fa4a13800

Heap address: 0x0000000741a00000, size: 3046 MB, Compressed Oops mode: Zero based, Oop shift amount: 3
Narrow klass base: 0x0000000800000000, Narrow klass shift: 3
Compressed class space size: 1073741824 Address: 0x0000000800b40000

Heap:
 garbage-first heap   total 196608K, used 32691K [0x0000000741a00000, 0x0000000800000000)
  region size 1024K, 23 young (23552K), 2 survivors (2048K)
 Metaspace       used 12104K, capacity 12441K, committed 12672K, reserved 1060864K
  class space    used 1458K, capacity 1590K, committed 1664K, reserved 1048576K
Heap Regions: E=young(eden), S=young(survivor), O=old, HS=humongous(starts), HC=humongous(continues), CS=collection set, F=free, A=archive, TAMS=top-at-mark-start (previous, next)
|   0|0x0000000741a00000, 0x0000000741b00000, 0x0000000741b00000|100%|HS|  |TAMS 0x0000000741a00000, 0x0000000741a00000| Complete 
|   1|0x0000000741b00000, 0x0000000741c00000, 0x0000000741c00000|100%|HS|  |TAMS 0x0000000741b00000, 0x0000000741b00000| Complete 
|   2|0x0000000741c00000, 0x0000000741d00000, 0x0000000741d00000|100%|HS|  |TAMS 0x0000000741c00000, 0x0000000741c00000| Complete 
|   3|0x0000000741d00000, 0x0000000741e00000, 0x0000000741e00000|100%|HC|  |TAMS 0x0000000741d00000, 0x0000000741d00000| Complete 
|   4|0x0000000741e00000, 0x0000000741f00000, 0x0000000741f00000|100%| O|  |TAMS 0x0000000741e00000, 0x0000000741e00000| Untracked 
|   5|0x0000000741f00000, 0x0000000742000000, 0x0000000742000000|100%| O|  |TAMS 0x0000000741f00000, 0x0000000741f00000| Untracked 
|   6|0x0000000742000000, 0x0000000742100000, 0x0000000742100000|100%| O|  |TAMS 0x0000000742000000, 0x0000000742000000| Untracked 
|   7|0x0000000742100000, 0x0000000742200000, 0x0000000742200000|100%| O|  |TAMS 0x0000000742100000, 0x0000000742100000| Untracked 
|   8|0x0000000742200000, 0x0000000742300000, 0x0000000742300000|100%| O|  |TAMS 0x0000000742200000, 0x0000000742200000| Untracked 
|   9|0x0000000742300000, 0x0000000742400000, 0x0000000742400000|100%| O|  |TAMS 0x0000000742300000, 0x0000000742300000| Untracked 
|  10|0x0000000742400000, 0x0000000742481e00, 0x0000000742500000| 50%| O|  |TAMS 0x0000000742400000, 0x0000000742400000| Untracked 
|  11|0x0000000742500000, 0x0000000742500000, 0x0000000742600000|  0%| F|  |TAMS 0x0000000742500000, 0x0000000742500000| Untracked 
|  12|0x0000000742600000, 0x0000000742600000, 0x0000000742700000|  0%| F|  |TAMS 0x0000000742600000, 0x0000000742600000| Untracked 
|  13|0x0000000742700000, 0x0000000742700000, 0x0000000742800000|  0%| F|  |TAMS 0x0000000742700000, 0x0000000742700000| Untracked 
|  14|0x0000000742800000, 0x0000000742800000, 0x0000000742900000|  0%| F|  |TAMS 0x0000000742800000, 0x0000000742800000| Untracked 
|  15|0x0000000742900000, 0x0000000742900000, 0x0000000742a00000|  0%| F|  |TAMS 0x0000000742900000, 0x0000000742900000| Untracked 
|  16|0x0000000742a00000, 0x0000000742a00000, 0x0000000742b00000|  0%| F|  |TAMS 0x0000000742a00000, 0x0000000742a00000| Untracked 
|  17|0x0000000742b00000, 0x0000000742b00000, 0x0000000742c00000|  0%| F|  |TAMS 0x0000000742b00000, 0x0000000742b00000| Untracked 
|  18|0x0000000742c00000, 0x0000000742c00000, 0x0000000742d00000|  0%| F|  |TAMS 0x0000000742c00000, 0x0000000742c00000| Untracked 
|  19|0x0000000742d00000, 0x0000000742d00000, 0x0000000742e00000|  0%| F|  |TAMS 0x0000000742d00000, 0x0000000742d00000| Untracked 
|  20|0x0000000742e00000, 0x0000000742e00000, 0x0000000742f00000|  0%| F|  |TAMS 0x0000000742e00000, 0x0000000742e00000| Untracked 
|  21|0x0000000742f00000, 0x0000000742f00000, 0x0000000743000000|  0%| F|  |TAMS 0x0000000742f00000, 0x0000000742f00000| Untracked 
|  22|0x0000000743000000, 0x0000000743000000, 0x0000000743100000|  0%| F|  |TAMS 0x0000000743000000, 0x0000000743000000| Untracked 
|  23|0x0000000743100000, 0x0000000743100000, 0x0000000743200000|  0%| F|  |TAMS 0x0000000743100000, 0x0000000743100000| Untracked 
|  24|0x0000000743200000, 0x0000000743200000, 0x0000000743300000|  0%| F|  |TAMS 0x0000000743200000, 0x0000000743200000| Untracked 
|  25|0x0000000743300000, 0x0000000743300000, 0x0000000743400000|  0%| F|  |TAMS 0x0000000743300000, 0x0000000743300000| Untracked 
|  26|0x0000000743400000, 0x0000000743400000, 0x0000000743500000|  0%| F|  |TAMS 0x0000000743400000, 0x0000000743400000| Untracked 
|  27|0x0000000743500000, 0x0000000743500000, 0x0000000743600000|  0%| F|  |TAMS 0x0000000743500000, 0x0000000743500000| Untracked 
|  28|0x0000000743600000, 0x0000000743600000, 0x0000000743700000|  0%| F|  |TAMS 0x0000000743600000, 0x0000000743600000| Untracked 
|  29|0x0000000743700000, 0x0000000743700000, 0x0000000743800000|  0%| F|  |TAMS 0x0000000743700000, 0x0000000743700000| Untracked 
|  30|0x0000000743800000, 0x0000000743800000, 0x0000000743900000|  0%| F|  |TAMS 0x0000000743800000, 0x0000000743800000| Untracked 
|  31|0x0000000743900000, 0x0000000743900000, 0x0000000743a00000|  0%| F|  |TAMS 0x0000000743900000, 0x0000000743900000| Untracked 
|  32|0x0000000743a00000, 0x0000000743a00000, 0x0000000743b00000|  0%| F|  |TAMS 0x0000000743a00000, 0x0000000743a00000| Untracked 
|  33|0x0000000743b00000, 0x0000000743b00000, 0x0000000743c00000|  0%| F|  |TAMS 0x0000000743b00000, 0x0000000743b00000| Untracked 
|  34|0x0000000743c00000, 0x0000000743c00000, 0x0000000743d00000|  0%| F|  |TAMS 0x0000000743c00000, 0x0000000743c00000| Untracked 
|  35|0x0000000743d00000, 0x0000000743d00000, 0x0000000743e00000|  0%| F|  |TAMS 0x0000000743d00000, 0x0000000743d00000| Untracked 
|  36|0x0000000743e00000, 0x0000000743e00000, 0x0000000743f00000|  0%| F|  |TAMS 0x0000000743e00000, 0x0000000743e00000| Untracked 
|  37|0x0000000743f00000, 0x0000000743f00000, 0x0000000744000000|  0%| F|  |TAMS 0x0000000743f00000, 0x0000000743f00000| Untracked 
|  38|0x0000000744000000, 0x0000000744000000, 0x0000000744100000|  0%| F|  |TAMS 0x0000000744000000, 0x0000000744000000| Untracked 
|  39|0x0000000744100000, 0x0000000744100000, 0x0000000744200000|  0%| F|  |TAMS 0x0000000744100000, 0x0000000744100000| Untracked 
|  40|0x0000000744200000, 0x0000000744200000, 0x0000000744300000|  0%| F|  |TAMS 0x0000000744200000, 0x0000000744200000| Untracked 
|  41|0x0000000744300000, 0x0000000744300000, 0x0000000744400000|  0%| F|  |TAMS 0x0000000744300000, 0x0000000744300000| Untracked 
|  42|0x0000000744400000, 0x0000000744400000, 0x0000000744500000|  0%| F|  |TAMS 0x0000000744400000, 0x0000000744400000| Untracked 
|  43|0x0000000744500000, 0x0000000744500000, 0x0000000744600000|  0%| F|  |TAMS 0x0000000744500000, 0x0000000744500000| Untracked 
|  44|0x0000000744600000, 0x0000000744600000, 0x0000000744700000|  0%| F|  |TAMS 0x0000000744600000, 0x0000000744600000| Untracked 
|  45|0x0000000744700000, 0x0000000744700000, 0x0000000744800000|  0%| F|  |TAMS 0x0000000744700000, 0x0000000744700000| Untracked 
|  46|0x0000000744800000, 0x0000000744800000, 0x0000000744900000|  0%| F|  |TAMS 0x0000000744800000, 0x0000000744800000| Untracked 
|  47|0x0000000744900000, 0x0000000744900000, 0x0000000744a00000|  0%| F|  |TAMS 0x0000000744900000, 0x0000000744900000| Untracked 
|  48|0x0000000744a00000, 0x0000000744a00000, 0x0000000744b00000|  0%| F|  |TAMS 0x0000000744a00000, 0x0000000744a00000| Untracked 
|  49|0x0000000744b00000, 0x0000000744b00000, 0x0000000744c00000|  0%| F|  |TAMS 0x0000000744b00000, 0x0000000744b00000| Untracked 
|  50|0x0000000744c00000, 0x0000000744c00000, 0x0000000744d00000|  0%| F|  |TAMS 0x0000000744c00000, 0x0000000744c00000| Untracked 
|  51|0x0000000744d00000, 0x0000000744d00000, 0x0000000744e00000|  0%| F|  |TAMS 0x0000000744d00000, 0x0000000744d00000| Untracked 
|  52|0x0000000744e00000, 0x0000000744e00000, 0x0000000744f00000|  0%| F|  |TAMS 0x0000000744e00000, 0x0000000744e00000| Untracked 
|  53|0x0000000744f00000, 0x0000000744f00000, 0x0000000745000000|  0%| F|  |TAMS 0x0000000744f00000, 0x0000000744f00000| Untracked 
|  54|0x0000000745000000, 0x0000000745000000, 0x0000000745100000|  0%| F|  |TAMS 0x0000000745000000, 0x0000000745000000| Untracked 
|  55|0x0000000745100000, 0x0000000745100000, 0x0000000745200000|  0%| F|  |TAMS 0x0000000745100000, 0x0000000745100000| Untracked 
|  56|0x0000000745200000, 0x0000000745200000, 0x0000000745300000|  0%| F|  |TAMS 0x0000000745200000, 0x0000000745200000| Untracked 
|  57|0x0000000745300000, 0x0000000745300000, 0x0000000745400000|  0%| F|  |TAMS 0x0000000745300000, 0x0000000745300000| Untracked 
|  58|0x0000000745400000, 0x0000000745400000, 0x0000000745500000|  0%| F|  |TAMS 0x0000000745400000, 0x0000000745400000| Untracked 
|  59|0x0000000745500000, 0x0000000745500000, 0x0000000745600000|  0%| F|  |TAMS 0x0000000745500000, 0x0000000745500000| Untracked 
|  60|0x0000000745600000, 0x0000000745600000, 0x0000000745700000|  0%| F|  |TAMS 0x0000000745600000, 0x0000000745600000| Untracked 
|  61|0x0000000745700000, 0x0000000745700000, 0x0000000745800000|  0%| F|  |TAMS 0x0000000745700000, 0x0000000745700000| Untracked 
|  62|0x0000000745800000, 0x0000000745800000, 0x0000000745900000|  0%| F|  |TAMS 0x0000000745800000, 0x0000000745800000| Untracked 
|  63|0x0000000745900000, 0x0000000745900000, 0x0000000745a00000|  0%| F|  |TAMS 0x0000000745900000, 0x0000000745900000| Untracked 
|  64|0x0000000745a00000, 0x0000000745a00000, 0x0000000745b00000|  0%| F|  |TAMS 0x0000000745a00000, 0x0000000745a00000| Untracked 
|  65|0x0000000745b00000, 0x0000000745b00000, 0x0000000745c00000|  0%| F|  |TAMS 0x0000000745b00000, 0x0000000745b00000| Untracked 
|  66|0x0000000745c00000, 0x0000000745c00000, 0x0000000745d00000|  0%| F|  |TAMS 0x0000000745c00000, 0x0000000745c00000| Untracked 
|  67|0x0000000745d00000, 0x0000000745d00000, 0x0000000745e00000|  0%| F|  |TAMS 0x0000000745d00000, 0x0000000745d00000| Untracked 
|  68|0x0000000745e00000, 0x0000000745e00000, 0x0000000745f00000|  0%| F|  |TAMS 0x0000000745e00000, 0x0000000745e00000| Untracked 
|  69|0x0000000745f00000, 0x0000000745f00000, 0x0000000746000000|  0%| F|  |TAMS 0x0000000745f00000, 0x0000000745f00000| Untracked 
|  70|0x0000000746000000, 0x0000000746000000, 0x0000000746100000|  0%| F|  |TAMS 0x0000000746000000, 0x0000000746000000| Untracked 
|  71|0x0000000746100000, 0x0000000746100000, 0x0000000746200000|  0%| F|  |TAMS 0x0000000746100000, 0x0000000746100000| Untracked 
|  72|0x0000000746200000, 0x0000000746200000, 0x0000000746300000|  0%| F|  |TAMS 0x0000000746200000, 0x0000000746200000| Untracked 
|  73|0x0000000746300000, 0x0000000746300000, 0x0000000746400000|  0%| F|  |TAMS 0x0000000746300000, 0x0000000746300000| Untracked 
|  74|0x0000000746400000, 0x0000000746400000, 0x0000000746500000|  0%| F|  |TAMS 0x0000000746400000, 0x0000000746400000| Untracked 
|  75|0x0000000746500000, 0x0000000746500000, 0x0000000746600000|  0%| F|  |TAMS 0x0000000746500000, 0x0000000746500000| Untracked 
|  76|0x0000000746600000, 0x0000000746600000, 0x0000000746700000|  0%| F|  |TAMS 0x0000000746600000, 0x0000000746600000| Untracked 
|  77|0x0000000746700000, 0x0000000746700000, 0x0000000746800000|  0%| F|  |TAMS 0x0000000746700000, 0x0000000746700000| Untracked 
|  78|0x0000000746800000, 0x0000000746800000, 0x0000000746900000|  0%| F|  |TAMS 0x0000000746800000, 0x0000000746800000| Untracked 
|  79|0x0000000746900000, 0x0000000746900000, 0x0000000746a00000|  0%| F|  |TAMS 0x0000000746900000, 0x0000000746900000| Untracked 
|  80|0x0000000746a00000, 0x0000000746a00000, 0x0000000746b00000|  0%| F|  |TAMS 0x0000000746a00000, 0x0000000746a00000| Untracked 
|  81|0x0000000746b00000, 0x0000000746b00000, 0x0000000746c00000|  0%| F|  |TAMS 0x0000000746b00000, 0x0000000746b00000| Untracked 
|  82|0x0000000746c00000, 0x0000000746c00000, 0x0000000746d00000|  0%| F|  |TAMS 0x0000000746c00000, 0x0000000746c00000| Untracked 
|  83|0x0000000746d00000, 0x0000000746d00000, 0x0000000746e00000|  0%| F|  |TAMS 0x0000000746d00000, 0x0000000746d00000| Untracked 
|  84|0x0000000746e00000, 0x0000000746e00000, 0x0000000746f00000|  0%| F|  |TAMS 0x0000000746e00000, 0x0000000746e00000| Untracked 
|  85|0x0000000746f00000, 0x0000000746f00000, 0x0000000747000000|  0%| F|  |TAMS 0x0000000746f00000, 0x0000000746f00000| Untracked 
|  86|0x0000000747000000, 0x0000000747000000, 0x0000000747100000|  0%| F|  |TAMS 0x0000000747000000, 0x0000000747000000| Untracked 
|  87|0x0000000747100000, 0x0000000747100000, 0x0000000747200000|  0%| F|  |TAMS 0x0000000747100000, 0x0000000747100000| Untracked 
|  88|0x0000000747200000, 0x0000000747200000, 0x0000000747300000|  0%| F|  |TAMS 0x0000000747200000, 0x0000000747200000| Untracked 
|  89|0x0000000747300000, 0x0000000747300000, 0x0000000747400000|  0%| F|  |TAMS 0x0000000747300000, 0x0000000747300000| Untracked 
|  90|0x0000000747400000, 0x0000000747400000, 0x0000000747500000|  0%| F|  |TAMS 0x0000000747400000, 0x0000000747400000| Untracked 
|  91|0x0000000747500000, 0x0000000747500000, 0x0000000747600000|  0%| F|  |TAMS 0x0000000747500000, 0x0000000747500000| Untracked 
|  92|0x0000000747600000, 0x0000000747600000, 0x0000000747700000|  0%| F|  |TAMS 0x0000000747600000, 0x0000000747600000| Untracked 
|  93|0x0000000747700000, 0x0000000747700000, 0x0000000747800000|  0%| F|  |TAMS 0x0000000747700000, 0x0000000747700000| Untracked 
|  94|0x0000000747800000, 0x0000000747800000, 0x0000000747900000|  0%| F|  |TAMS 0x0000000747800000, 0x0000000747800000| Untracked 
|  95|0x0000000747900000, 0x0000000747900000, 0x0000000747a00000|  0%| F|  |TAMS 0x0000000747900000, 0x0000000747900000| Untracked 
|  96|0x0000000747a00000, 0x0000000747a00000, 0x0000000747b00000|  0%| F|  |TAMS 0x0000000747a00000, 0x0000000747a00000| Untracked 
|  97|0x0000000747b00000, 0x0000000747b00000, 0x0000000747c00000|  0%| F|  |TAMS 0x0000000747b00000, 0x0000000747b00000| Untracked 
|  98|0x0000000747c00000, 0x0000000747c00000, 0x0000000747d00000|  0%| F|  |TAMS 0x0000000747c00000, 0x0000000747c00000| Untracked 
|  99|0x0000000747d00000, 0x0000000747d00000, 0x0000000747e00000|  0%| F|  |TAMS 0x0000000747d00000, 0x0000000747d00000| Untracked 
| 100|0x0000000747e00000, 0x0000000747e00000, 0x0000000747f00000|  0%| F|  |TAMS 0x0000000747e00000, 0x0000000747e00000| Untracked 
| 101|0x0000000747f00000, 0x0000000747f00000, 0x0000000748000000|  0%| F|  |TAMS 0x0000000747f00000, 0x0000000747f00000| Untracked 
| 102|0x0000000748000000, 0x0000000748000000, 0x0000000748100000|  0%| F|  |TAMS 0x0000000748000000, 0x0000000748000000| Untracked 
| 103|0x0000000748100000, 0x0000000748100000, 0x0000000748200000|  0%| F|  |TAMS 0x0000000748100000, 0x0000000748100000| Untracked 
| 104|0x0000000748200000, 0x0000000748200000, 0x0000000748300000|  0%| F|  |TAMS 0x0000000748200000, 0x0000000748200000| Untracked 
| 105|0x0000000748300000, 0x0000000748300000, 0x0000000748400000|  0%| F|  |TAMS 0x0000000748300000, 0x0000000748300000| Untracked 
| 106|0x0000000748400000, 0x0000000748400000, 0x0000000748500000|  0%| F|  |TAMS 0x0000000748400000, 0x0000000748400000| Untracked 
| 107|0x0000000748500000, 0x0000000748500000, 0x0000000748600000|  0%| F|  |TAMS 0x0000000748500000, 0x0000000748500000| Untracked 
| 108|0x0000000748600000, 0x0000000748600000, 0x0000000748700000|  0%| F|  |TAMS 0x0000000748600000, 0x0000000748600000| Untracked 
| 109|0x0000000748700000, 0x0000000748700000, 0x0000000748800000|  0%| F|  |TAMS 0x0000000748700000, 0x0000000748700000| Untracked 
| 110|0x0000000748800000, 0x0000000748800000, 0x0000000748900000|  0%| F|  |TAMS 0x0000000748800000, 0x0000000748800000| Untracked 
| 111|0x0000000748900000, 0x0000000748900000, 0x0000000748a00000|  0%| F|  |TAMS 0x0000000748900000, 0x0000000748900000| Untracked 
| 112|0x0000000748a00000, 0x0000000748a00000, 0x0000000748b00000|  0%| F|  |TAMS 0x0000000748a00000, 0x0000000748a00000| Untracked 
| 113|0x0000000748b00000, 0x0000000748b00000, 0x0000000748c00000|  0%| F|  |TAMS 0x0000000748b00000, 0x0000000748b00000| Untracked 
| 114|0x0000000748c00000, 0x0000000748c00000, 0x0000000748d00000|  0%| F|  |TAMS 0x0000000748c00000, 0x0000000748c00000| Untracked 
| 115|0x0000000748d00000, 0x0000000748d00000, 0x0000000748e00000|  0%| F|  |TAMS 0x0000000748d00000, 0x0000000748d00000| Untracked 
| 116|0x0000000748e00000, 0x0000000748e00000, 0x0000000748f00000|  0%| F|  |TAMS 0x0000000748e00000, 0x0000000748e00000| Untracked 
| 117|0x0000000748f00000, 0x0000000748f00000, 0x0000000749000000|  0%| F|  |TAMS 0x0000000748f00000, 0x0000000748f00000| Untracked 
| 118|0x0000000749000000, 0x0000000749000000, 0x0000000749100000|  0%| F|  |TAMS 0x0000000749000000, 0x0000000749000000| Untracked 
| 119|0x0000000749100000, 0x0000000749100000, 0x0000000749200000|  0%| F|  |TAMS 0x0000000749100000, 0x0000000749100000| Untracked 
| 120|0x0000000749200000, 0x0000000749200000, 0x0000000749300000|  0%| F|  |TAMS 0x0000000749200000, 0x0000000749200000| Untracked 
| 121|0x0000000749300000, 0x0000000749300000, 0x0000000749400000|  0%| F|  |TAMS 0x0000000749300000, 0x0000000749300000| Untracked 
| 122|0x0000000749400000, 0x0000000749400000, 0x0000000749500000|  0%| F|  |TAMS 0x0000000749400000, 0x0000000749400000| Untracked 
| 123|0x0000000749500000, 0x0000000749500000, 0x0000000749600000|  0%| F|  |TAMS 0x0000000749500000, 0x0000000749500000| Untracked 
| 124|0x0000000749600000, 0x0000000749600000, 0x0000000749700000|  0%| F|  |TAMS 0x0000000749600000, 0x0000000749600000| Untracked 
| 125|0x0000000749700000, 0x0000000749700000, 0x0000000749800000|  0%| F|  |TAMS 0x0000000749700000, 0x0000000749700000| Untracked 
| 126|0x0000000749800000, 0x0000000749800000, 0x0000000749900000|  0%| F|  |TAMS 0x0000000749800000, 0x0000000749800000| Untracked 
| 127|0x0000000749900000, 0x0000000749900000, 0x0000000749a00000|  0%| F|  |TAMS 0x0000000749900000, 0x0000000749900000| Untracked 
| 128|0x0000000749a00000, 0x0000000749a00000, 0x0000000749b00000|  0%| F|  |TAMS 0x0000000749a00000, 0x0000000749a00000| Untracked 
| 129|0x0000000749b00000, 0x0000000749b00000, 0x0000000749c00000|  0%| F|  |TAMS 0x0000000749b00000, 0x0000000749b00000| Untracked 
| 130|0x0000000749c00000, 0x0000000749c00000, 0x0000000749d00000|  0%| F|  |TAMS 0x0000000749c00000, 0x0000000749c00000| Untracked 
| 131|0x0000000749d00000, 0x0000000749d00000, 0x0000000749e00000|  0%| F|  |TAMS 0x0000000749d00000, 0x0000000749d00000| Untracked 
| 132|0x0000000749e00000, 0x0000000749e00000, 0x0000000749f00000|  0%| F|  |TAMS 0x0000000749e00000, 0x0000000749e00000| Untracked 
| 133|0x0000000749f00000, 0x0000000749f00000, 0x000000074a000000|  0%| F|  |TAMS 0x0000000749f00000, 0x0000000749f00000| Untracked 
| 134|0x000000074a000000, 0x000000074a000000, 0x000000074a100000|  0%| F|  |TAMS 0x000000074a000000, 0x000000074a000000| Untracked 
| 135|0x000000074a100000, 0x000000074a100000, 0x000000074a200000|  0%| F|  |TAMS 0x000000074a100000, 0x000000074a100000| Untracked 
| 136|0x000000074a200000, 0x000000074a200000, 0x000000074a300000|  0%| F|  |TAMS 0x000000074a200000, 0x000000074a200000| Untracked 
| 137|0x000000074a300000, 0x000000074a300000, 0x000000074a400000|  0%| F|  |TAMS 0x000000074a300000, 0x000000074a300000| Untracked 
| 138|0x000000074a400000, 0x000000074a400000, 0x000000074a500000|  0%| F|  |TAMS 0x000000074a400000, 0x000000074a400000| Untracked 
| 139|0x000000074a500000, 0x000000074a500000, 0x000000074a600000|  0%| F|  |TAMS 0x000000074a500000, 0x000000074a500000| Untracked 
| 140|0x000000074a600000, 0x000000074a600000, 0x000000074a700000|  0%| F|  |TAMS 0x000000074a600000, 0x000000074a600000| Untracked 
| 141|0x000000074a700000, 0x000000074a700000, 0x000000074a800000|  0%| F|  |TAMS 0x000000074a700000, 0x000000074a700000| Untracked 
| 142|0x000000074a800000, 0x000000074a800000, 0x000000074a900000|  0%| F|  |TAMS 0x000000074a800000, 0x000000074a800000| Untracked 
| 143|0x000000074a900000, 0x000000074a900000, 0x000000074aa00000|  0%| F|  |TAMS 0x000000074a900000, 0x000000074a900000| Untracked 
| 144|0x000000074aa00000, 0x000000074aa00000, 0x000000074ab00000|  0%| F|  |TAMS 0x000000074aa00000, 0x000000074aa00000| Untracked 
| 145|0x000000074ab00000, 0x000000074ab00000, 0x000000074ac00000|  0%| F|  |TAMS 0x000000074ab00000, 0x000000074ab00000| Untracked 
| 146|0x000000074ac00000, 0x000000074ac00000, 0x000000074ad00000|  0%| F|  |TAMS 0x000000074ac00000, 0x000000074ac00000| Untracked 
| 147|0x000000074ad00000, 0x000000074ad00000, 0x000000074ae00000|  0%| F|  |TAMS 0x000000074ad00000, 0x000000074ad00000| Untracked 
| 148|0x000000074ae00000, 0x000000074ae00000, 0x000000074af00000|  0%| F|  |TAMS 0x000000074ae00000, 0x000000074ae00000| Untracked 
| 149|0x000000074af00000, 0x000000074af6b080, 0x000000074b000000| 41%| S|CS|TAMS 0x000000074af00000, 0x000000074af00000| Complete 
| 150|0x000000074b000000, 0x000000074b100000, 0x000000074b100000|100%| S|CS|TAMS 0x000000074b000000, 0x000000074b000000| Complete 
| 151|0x000000074b100000, 0x000000074b100000, 0x000000074b200000|  0%| F|  |TAMS 0x000000074b100000, 0x000000074b100000| Untracked 
| 152|0x000000074b200000, 0x000000074b200000, 0x000000074b300000|  0%| F|  |TAMS 0x000000074b200000, 0x000000074b200000| Untracked 
| 153|0x000000074b300000, 0x000000074b300000, 0x000000074b400000|  0%| F|  |TAMS 0x000000074b300000, 0x000000074b300000| Untracked 
| 154|0x000000074b400000, 0x000000074b400000, 0x000000074b500000|  0%| F|  |TAMS 0x000000074b400000, 0x000000074b400000| Untracked 
| 155|0x000000074b500000, 0x000000074b500000, 0x000000074b600000|  0%| F|  |TAMS 0x000000074b500000, 0x000000074b500000| Untracked 
| 156|0x000000074b600000, 0x000000074b600000, 0x000000074b700000|  0%| F|  |TAMS 0x000000074b600000, 0x000000074b600000| Untracked 
| 157|0x000000074b700000, 0x000000074b700000, 0x000000074b800000|  0%| F|  |TAMS 0x000000074b700000, 0x000000074b700000| Untracked 
| 158|0x000000074b800000, 0x000000074b800000, 0x000000074b900000|  0%| F|  |TAMS 0x000000074b800000, 0x000000074b800000| Untracked 
| 159|0x000000074b900000, 0x000000074b900000, 0x000000074ba00000|  0%| F|  |TAMS 0x000000074b900000, 0x000000074b900000| Untracked 
| 160|0x000000074ba00000, 0x000000074ba00000, 0x000000074bb00000|  0%| F|  |TAMS 0x000000074ba00000, 0x000000074ba00000| Untracked 
| 161|0x000000074bb00000, 0x000000074bb00000, 0x000000074bc00000|  0%| F|  |TAMS 0x000000074bb00000, 0x000000074bb00000| Untracked 
| 162|0x000000074bc00000, 0x000000074bc00000, 0x000000074bd00000|  0%| F|  |TAMS 0x000000074bc00000, 0x000000074bc00000| Untracked 
| 163|0x000000074bd00000, 0x000000074bd00000, 0x000000074be00000|  0%| F|  |TAMS 0x000000074bd00000, 0x000000074bd00000| Untracked 
| 164|0x000000074be00000, 0x000000074be00000, 0x000000074bf00000|  0%| F|  |TAMS 0x000000074be00000, 0x000000074be00000| Untracked 
| 165|0x000000074bf00000, 0x000000074bf00000, 0x000000074c000000|  0%| F|  |TAMS 0x000000074bf00000, 0x000000074bf00000| Untracked 
| 166|0x000000074c000000, 0x000000074c000000, 0x000000074c100000|  0%| F|  |TAMS 0x000000074c000000, 0x000000074c000000| Untracked 
| 167|0x000000074c100000, 0x000000074c100000, 0x000000074c200000|  0%| F|  |TAMS 0x000000074c100000, 0x000000074c100000| Untracked 
| 168|0x000000074c200000, 0x000000074c200000, 0x000000074c300000|  0%| F|  |TAMS 0x000000074c200000, 0x000000074c200000| Untracked 
| 169|0x000000074c300000, 0x000000074c300000, 0x000000074c400000|  0%| F|  |TAMS 0x000000074c300000, 0x000000074c300000| Untracked 
| 170|0x000000074c400000, 0x000000074c400000, 0x000000074c500000|  0%| F|  |TAMS 0x000000074c400000, 0x000000074c400000| Untracked 
| 171|0x000000074c500000, 0x000000074c595050, 0x000000074c600000| 58%| E|  |TAMS 0x000000074c500000, 0x000000074c500000| Complete 
| 172|0x000000074c600000, 0x000000074c700000, 0x000000074c700000|100%| E|CS|TAMS 0x000000074c600000, 0x000000074c600000| Complete 
| 173|0x000000074c700000, 0x000000074c800000, 0x000000074c800000|100%| E|CS|TAMS 0x000000074c700000, 0x000000074c700000| Complete 
| 174|0x000000074c800000, 0x000000074c900000, 0x000000074c900000|100%| E|CS|TAMS 0x000000074c800000, 0x000000074c800000| Complete 
| 175|0x000000074c900000, 0x000000074ca00000, 0x000000074ca00000|100%| E|CS|TAMS 0x000000074c900000, 0x000000074c900000| Complete 
| 176|0x000000074ca00000, 0x000000074cb00000, 0x000000074cb00000|100%| E|CS|TAMS 0x000000074ca00000, 0x000000074ca00000| Complete 
| 177|0x000000074cb00000, 0x000000074cc00000, 0x000000074cc00000|100%| E|CS|TAMS 0x000000074cb00000, 0x000000074cb00000| Complete 
| 178|0x000000074cc00000, 0x000000074cd00000, 0x000000074cd00000|100%| E|CS|TAMS 0x000000074cc00000, 0x000000074cc00000| Complete 
| 179|0x000000074cd00000, 0x000000074ce00000, 0x000000074ce00000|100%| E|CS|TAMS 0x000000074cd00000, 0x000000074cd00000| Complete 
| 180|0x000000074ce00000, 0x000000074cf00000, 0x000000074cf00000|100%| E|CS|TAMS 0x000000074ce00000, 0x000000074ce00000| Complete 
| 181|0x000000074cf00000, 0x000000074d000000, 0x000000074d000000|100%| E|CS|TAMS 0x000000074cf00000, 0x000000074cf00000| Complete 
| 182|0x000000074d000000, 0x000000074d100000, 0x000000074d100000|100%| E|CS|TAMS 0x000000074d000000, 0x000000074d000000| Complete 
| 183|0x000000074d100000, 0x000000074d200000, 0x000000074d200000|100%| E|CS|TAMS 0x000000074d100000, 0x000000074d100000| Complete 
| 184|0x000000074d200000, 0x000000074d300000, 0x000000074d300000|100%| E|CS|TAMS 0x000000074d200000, 0x000000074d200000| Complete 
| 185|0x000000074d300000, 0x000000074d400000, 0x000000074d400000|100%| E|CS|TAMS 0x000000074d300000, 0x000000074d300000| Complete 
| 186|0x000000074d400000, 0x000000074d500000, 0x000000074d500000|100%| E|CS|TAMS 0x000000074d400000, 0x000000074d400000| Complete 
| 187|0x000000074d500000, 0x000000074d600000, 0x000000074d600000|100%| E|CS|TAMS 0x000000074d500000, 0x000000074d500000| Complete 
| 188|0x000000074d600000, 0x000000074d700000, 0x000000074d700000|100%| E|CS|TAMS 0x000000074d600000, 0x000000074d600000| Complete 
| 189|0x000000074d700000, 0x000000074d800000, 0x000000074d800000|100%| E|CS|TAMS 0x000000074d700000, 0x000000074d700000| Complete 
| 190|0x000000074d800000, 0x000000074d900000, 0x000000074d900000|100%| E|CS|TAMS 0x000000074d800000, 0x000000074d800000| Complete 
| 191|0x000000074d900000, 0x000000074da00000, 0x000000074da00000|100%| E|CS|TAMS 0x000000074d900000, 0x000000074d900000| Complete 

Card table byte_map: [0x0000017f9aef0000,0x0000017f9b4f0000] _byte_map_base: 0x0000017f974e3000

Marking Bits (Prev, Next): (CMBitMap*) 0x0000017f813c4048, (CMBitMap*) 0x0000017f813c4088
 Prev Bits: [0x0000017f9baf0000, 0x0000017f9ea88000)
 Next Bits: [0x0000017f9ea90000, 0x0000017fa1a28000)

Polling page: 0x0000017f81200000

Metaspace:

Usage:
  Non-class:     10.60 MB capacity,    10.40 MB ( 98%) used,   175.01 KB (  2%) free+waste,    30.38 KB ( <1%) overhead. 
      Class:      1.55 MB capacity,     1.42 MB ( 92%) used,   114.87 KB (  7%) free+waste,    16.56 KB (  1%) overhead. 
       Both:     12.15 MB capacity,    11.82 MB ( 97%) used,   289.88 KB (  2%) free+waste,    46.94 KB ( <1%) overhead. 

Virtual space:
  Non-class space:       12.00 MB reserved,      10.75 MB ( 90%) committed 
      Class space:        1.00 GB reserved,       1.63 MB ( <1%) committed 
             Both:        1.01 GB reserved,      12.38 MB (  1%) committed 

Chunk freelists:
   Non-Class:  29.00 KB
       Class:  10.00 KB
        Both:  39.00 KB

MaxMetaspaceSize: 17179869184.00 GB
CompressedClassSpaceSize: 1.00 GB

CodeHeap 'non-profiled nmethods': size=120000Kb used=603Kb max_used=603Kb free=119396Kb
 bounds [0x0000017f92b40000, 0x0000017f92db0000, 0x0000017f9a070000]
CodeHeap 'profiled nmethods': size=120000Kb used=3185Kb max_used=3185Kb free=116814Kb
 bounds [0x0000017f8b610000, 0x0000017f8b930000, 0x0000017f92b40000]
CodeHeap 'non-nmethods': size=5760Kb used=1220Kb max_used=1269Kb free=4539Kb
 bounds [0x0000017f8b070000, 0x0000017f8b2e0000, 0x0000017f8b610000]
 total_blobs=2762 nmethods=1493 adapters=396
 compilation: enabled
              stopped_count=0, restarted_count=0
 full_count=0

Compilation events (20 events):
Event: 2.498 Thread 0x0000017fa4a3c800 nmethod 1638 0x0000017f8b928c90 code [0x0000017f8b928ea0, 0x0000017f8b929580]
Event: 2.498 Thread 0x0000017fa4a3c800 1639       1       java.security.PermissionCollection::isReadOnly (5 bytes)
Event: 2.498 Thread 0x0000017fa4a3c800 nmethod 1639 0x0000017f92bd5a10 code [0x0000017f92bd5ba0, 0x0000017f92bd5cd8]
Event: 2.501 Thread 0x0000017fa4a3c800 1640       3       java.lang.reflect.Constructor::newInstanceWithCaller (75 bytes)
Event: 2.501 Thread 0x0000017fa4a3c800 nmethod 1640 0x0000017f8b929790 code [0x0000017f8b929980, 0x0000017f8b929e30]
Event: 2.501 Thread 0x0000017fa4a3c800 1641       3       jdk.internal.reflect.DelegatingConstructorAccessorImpl::newInstance (9 bytes)
Event: 2.501 Thread 0x0000017fa4a3c800 nmethod 1641 0x0000017f8b92a010 code [0x0000017f8b92a1c0, 0x0000017f8b92a410]
Event: 2.503 Thread 0x0000017fa4a3c800 1642       3       org.netbeans.lib.profiler.server.ProfilerRuntimeSampler$Sampling::writeThreadInfo (254 bytes)
Event: 2.504 Thread 0x0000017fa4a3c800 nmethod 1642 0x0000017f8b92a510 code [0x0000017f8b92a700, 0x0000017f8b92acd0]
Event: 2.505 Thread 0x0000017fa4a3c800 1643       3       org.springframework.boot.context.properties.source.ConfigurationPropertyName$ElementsParser::<init> (9 bytes)
Event: 2.505 Thread 0x0000017fa4a3c800 nmethod 1643 0x0000017f8b92af90 code [0x0000017f8b92b140, 0x0000017f8b92b2f0]
Event: 2.511 Thread 0x0000017fa4a3c800 1645       3       java.lang.invoke.MemberName::<init> (139 bytes)
Event: 2.513 Thread 0x0000017fa4a3c800 nmethod 1645 0x0000017f8b92b390 code [0x0000017f8b92b6e0, 0x0000017f8b92cc40]
Event: 2.513 Thread 0x0000017fa4a37800 nmethod 1633 0x0000017f92bd5d90 code [0x0000017f92bd5f60, 0x0000017f92bd68e8]
Event: 2.513 Thread 0x0000017fa4a3c800 1646       3       java.io.Bits::getInt (43 bytes)
Event: 2.513 Thread 0x0000017fa4a37800 1644       4       java.lang.AbstractStringBuilder::append (55 bytes)
Event: 2.513 Thread 0x0000017fa4a3c800 nmethod 1646 0x0000017f8b92d210 code [0x0000017f8b92d3c0, 0x0000017f8b92d5b8]
Event: 2.513 Thread 0x0000017fa4a3c800 1647       3       java.io.ObjectInputStream::readInt (8 bytes)
Event: 2.513 Thread 0x0000017fa4a3c800 nmethod 1647 0x0000017f8b92d710 code [0x0000017f8b92d8c0, 0x0000017f8b92da90]
Event: 2.513 Thread 0x0000017fa4a3c800 1648       3       java.io.ObjectInputStream$BlockDataInputStream::readInt (73 bytes)

GC Heap History (8 events):
Event: 1.599 GC heap before
{Heap before GC invocations=0 (full 0):
 garbage-first heap   total 196608K, used 17408K [0x0000000741a00000, 0x0000000800000000)
  region size 1024K, 14 young (14336K), 0 survivors (0K)
 Metaspace       used 5116K, capacity 5295K, committed 5504K, reserved 1056768K
  class space    used 546K, capacity 606K, committed 640K, reserved 1048576K
}
Event: 1.604 GC heap after
{Heap after GC invocations=1 (full 0):
 garbage-first heap   total 196608K, used 10597K [0x0000000741a00000, 0x0000000800000000)
  region size 1024K, 2 young (2048K), 2 survivors (2048K)
 Metaspace       used 5116K, capacity 5295K, committed 5504K, reserved 1056768K
  class space    used 546K, capacity 606K, committed 640K, reserved 1048576K
}
Event: 1.814 GC heap before
{Heap before GC invocations=1 (full 0):
 garbage-first heap   total 196608K, used 21861K [0x0000000741a00000, 0x0000000800000000)
  region size 1024K, 14 young (14336K), 2 survivors (2048K)
 Metaspace       used 6938K, capacity 7098K, committed 7296K, reserved 1056768K
  class space    used 772K, capacity 845K, committed 896K, reserved 1048576K
}
Event: 1.817 GC heap after
{Heap after GC invocations=2 (full 0):
 garbage-first heap   total 196608K, used 11206K [0x0000000741a00000, 0x0000000800000000)
  region size 1024K, 1 young (1024K), 1 survivors (1024K)
 Metaspace       used 6938K, capacity 7098K, committed 7296K, reserved 1056768K
  class space    used 772K, capacity 845K, committed 896K, reserved 1048576K
}
Event: 2.103 GC heap before
{Heap before GC invocations=2 (full 0):
 garbage-first heap   total 196608K, used 32710K [0x0000000741a00000, 0x0000000800000000)
  region size 1024K, 22 young (22528K), 1 survivors (1024K)
 Metaspace       used 9131K, capacity 9333K, committed 9472K, reserved 1056768K
  class space    used 1070K, capacity 1168K, committed 1280K, reserved 1048576K
}
Event: 2.105 GC heap after
{Heap after GC invocations=3 (full 0):
 garbage-first heap   total 196608K, used 12296K [0x0000000741a00000, 0x0000000800000000)
  region size 1024K, 2 young (2048K), 2 survivors (2048K)
 Metaspace       used 9131K, capacity 9333K, committed 9472K, reserved 1056768K
  class space    used 1070K, capacity 1168K, committed 1280K, reserved 1048576K
}
Event: 2.184 GC heap before
{Heap before GC invocations=3 (full 0):
 garbage-first heap   total 196608K, used 51208K [0x0000000741a00000, 0x0000000800000000)
  region size 1024K, 41 young (41984K), 2 survivors (2048K)
 Metaspace       used 9224K, capacity 9464K, committed 9728K, reserved 1058816K
  class space    used 1078K, capacity 1169K, committed 1280K, reserved 1048576K
}
Event: 2.188 GC heap after
{Heap after GC invocations=4 (full 0):
 garbage-first heap   total 196608K, used 12211K [0x0000000741a00000, 0x0000000800000000)
  region size 1024K, 2 young (2048K), 2 survivors (2048K)
 Metaspace       used 9224K, capacity 9464K, committed 9728K, reserved 1058816K
  class space    used 1078K, capacity 1169K, committed 1280K, reserved 1048576K
}

Deoptimization events (20 events):
Event: 2.286 Thread 0x0000017fa6160000 Uncommon trap: trap_request=0xffffffc6 fr.pc=0x0000017f92b7c97c relative=0x000000000000131c
Event: 2.286 Thread 0x0000017fa6160000 Uncommon trap: reason=bimorphic_or_optimized_type_check action=maybe_recompile pc=0x0000017f92b7c97c method=java.util.HashMap.putVal(ILjava/lang/Object;Ljava/lang/Object;ZZ)Ljava/lang/Object; @ 56 c2
Event: 2.286 Thread 0x0000017fa6160000 DEOPT PACKING pc=0x0000017f92b7c97c sp=0x0000000d96dfd2f0
Event: 2.286 Thread 0x0000017fa6160000 DEOPT UNPACKING pc=0x0000017f8b0b912f sp=0x0000000d96dfd278 mode 2
Event: 2.338 Thread 0x0000017fa6160000 Uncommon trap: trap_request=0xffffff45 fr.pc=0x0000017f92b99c84 relative=0x00000000000000e4
Event: 2.338 Thread 0x0000017fa6160000 Uncommon trap: reason=unstable_if action=reinterpret pc=0x0000017f92b99c84 method=java.util.HashMap.hash(Ljava/lang/Object;)I @ 1 c2
Event: 2.338 Thread 0x0000017fa6160000 DEOPT PACKING pc=0x0000017f92b99c84 sp=0x0000000d96dfd230
Event: 2.338 Thread 0x0000017fa6160000 DEOPT UNPACKING pc=0x0000017f8b0b912f sp=0x0000000d96dfd170 mode 2
Event: 2.338 Thread 0x0000017fa6160000 Uncommon trap: trap_request=0xffffff45 fr.pc=0x0000017f92bc07bc relative=0x000000000000009c
Event: 2.338 Thread 0x0000017fa6160000 Uncommon trap: reason=unstable_if action=reinterpret pc=0x0000017f92bc07bc method=java.util.HashMap.hash(Ljava/lang/Object;)I @ 1 c2
Event: 2.338 Thread 0x0000017fa6160000 DEOPT PACKING pc=0x0000017f92bc07bc sp=0x0000000d96dfd1e0
Event: 2.338 Thread 0x0000017fa6160000 DEOPT UNPACKING pc=0x0000017f8b0b912f sp=0x0000000d96dfd178 mode 2
Event: 2.425 Thread 0x0000017fa5837000 Uncommon trap: trap_request=0xffffff45 fr.pc=0x0000017f92b8980c relative=0x0000000000000acc
Event: 2.425 Thread 0x0000017fa5837000 Uncommon trap: reason=unstable_if action=reinterpret pc=0x0000017f92b8980c method=java.util.jar.JarFile.checkForSpecialAttributes()V @ 89 c2
Event: 2.425 Thread 0x0000017fa5837000 DEOPT PACKING pc=0x0000017f92b8980c sp=0x0000000d96ef9250
Event: 2.425 Thread 0x0000017fa5837000 DEOPT UNPACKING pc=0x0000017f8b0b912f sp=0x0000000d96ef9130 mode 2
Event: 2.427 Thread 0x0000017fa5837000 Uncommon trap: trap_request=0xffffff45 fr.pc=0x0000017f92ba2858 relative=0x00000000000002f8
Event: 2.428 Thread 0x0000017fa5837000 Uncommon trap: reason=unstable_if action=reinterpret pc=0x0000017f92ba2858 method=java.util.jar.JarFile.checkForSpecialAttributes()V @ 89 c2
Event: 2.428 Thread 0x0000017fa5837000 DEOPT PACKING pc=0x0000017f92ba2858 sp=0x0000000d96ef91d0
Event: 2.428 Thread 0x0000017fa5837000 DEOPT UNPACKING pc=0x0000017f8b0b912f sp=0x0000000d96ef9158 mode 2

Classes unloaded (0 events):
No events

Classes redefined (0 events):
No events

Internal exceptions (20 events):
Event: 0.546 Thread 0x0000017f8136b800 Exception <a 'java/lang/NoSuchMethodError'{0x000000074d2712e0}: 'java.lang.Object java.lang.invoke.DirectMethodHandle$Holder.invokeStaticInit(java.lang.Object, java.lang.Object, java.lang.Object)'> (0x000000074d2712e0) 
thrown [t:/workspace/open/src/hotspot/share/interpreter/linkResolver.cpp, line 767]
Event: 0.566 Thread 0x0000017f8136b800 Exception <a 'java/lang/NoSuchMethodError'{0x000000074d1f0668}: 'int java.lang.invoke.DirectMethodHandle$Holder.invokeInterface(java.lang.Object, java.lang.Object)'> (0x000000074d1f0668) 
thrown [t:/workspace/open/src/hotspot/share/interpreter/linkResolver.cpp, line 767]
Event: 0.566 Thread 0x0000017f8136b800 Exception <a 'java/lang/IncompatibleClassChangeError'{0x000000074d1f3170}: Found class java.lang.Object, but interface was expected> (0x000000074d1f3170) 
thrown [t:/workspace/open/src/hotspot/share/interpreter/linkResolver.cpp, line 833]
Event: 0.701 Thread 0x0000017fa56b6800 Exception <a 'java/lang/VerifyError'{0x000000074d154c48}: Stack map does not match the one at exception handler 21
Exception Details:
  Location:
    org/netbeans/lib/profiler/ConstructorTest.<init>()V @21: astore_1
  Reason:
    Current frame's flags are not assignable to stack map frame's.
  Current Frame:
    bci: @0
    flags: { flagThisUninit }
    locals: { uninitializedThis }
    stack: { 'java/lang/Throwable' }
  Stackmap Frame:
    bci: @21
    flags: { }
    locals: { top }
    stack: { 'java/lan
Event: 0.919 Thread 0x0000017fa56b6800 Exception <a 'java/lang/NoSuchMethodError'{0x000000074d181ad8}: 'java.lang.Object java.lang.invoke.DirectMethodHandle$Holder.invokeStaticInit(java.lang.Object, int, int, int, int)'> (0x000000074d181ad8) 
thrown [t:/workspace/open/src/hotspot/share/interpreter/linkResolver.cpp, line 767]
Event: 1.451 Thread 0x0000017fa56b6800 Exception <a 'java/lang/NoSuchMethodError'{0x000000074ce814a0}: 'java.lang.Object java.lang.invoke.DirectMethodHandle$Holder.invokeStaticInit(java.lang.Object, java.lang.Object, int, int, int, int)'> (0x000000074ce814a0) 
thrown [t:/workspace/open/src/hotspot/share/interpreter/linkResolver.cpp, line 767]
Event: 1.642 Thread 0x0000017f8136b800 Exception <a 'java/lang/ClassNotFoundException'{0x000000074d87bbf8}: javax/smartcardio/CardPermission> (0x000000074d87bbf8) 
thrown [t:/workspace/open/src/hotspot/share/classfile/systemDictionary.cpp, line 232]
Event: 1.648 Thread 0x0000017f8136b800 Exception <a 'java/io/FileNotFoundException'{0x000000074d889e88}> (0x000000074d889e88) 
thrown [t:/workspace/open/src/hotspot/share/prims/jni.cpp, line 598]
Event: 1.987 Thread 0x0000017f8136b800 Exception <a 'java/lang/NoSuchMethodError'{0x000000074cff6a68}: 'int java.lang.invoke.DirectMethodHandle$Holder.invokeStaticInit(java.lang.Object, java.lang.Object)'> (0x000000074cff6a68) 
thrown [t:/workspace/open/src/hotspot/share/interpreter/linkResolver.cpp, line 767]
Event: 2.035 Thread 0x0000017f8136b800 Exception <a 'java/lang/NoSuchMethodError'{0x000000074ca7a938}: 'int java.lang.invoke.DirectMethodHandle$Holder.invokeStaticInit(java.lang.Object, java.lang.Object, java.lang.Object)'> (0x000000074ca7a938) 
thrown [t:/workspace/open/src/hotspot/share/interpreter/linkResolver.cpp, line 767]
Event: 2.043 Thread 0x0000017f8136b800 Exception <a 'java/lang/NoSuchMethodError'{0x000000074cabdbc0}: 'java.lang.Object java.lang.invoke.DirectMethodHandle$Holder.invokeVirtual(java.lang.Object, java.lang.Object, java.lang.Object)'> (0x000000074cabdbc0) 
thrown [t:/workspace/open/src/hotspot/share/interpreter/linkResolver.cpp, line 767]
Event: 2.052 Thread 0x0000017f8136b800 Exception <a 'java/lang/NoSuchMethodError'{0x000000074c91ca10}: 'void java.lang.invoke.DirectMethodHandle$Holder.invokeSpecial(java.lang.Object, java.lang.Object)'> (0x000000074c91ca10) 
thrown [t:/workspace/open/src/hotspot/share/interpreter/linkResolver.cpp, line 767]
Event: 2.281 Thread 0x0000017fa6160000 Exception <a 'java/io/FileNotFoundException'{0x000000074d489588}> (0x000000074d489588) 
thrown [t:/workspace/open/src/hotspot/share/prims/jni.cpp, line 598]
Event: 2.338 Thread 0x0000017fa6160000 Implicit null exception at 0x0000017f92b99be8 to 0x0000017f92b99c7a
Event: 2.338 Thread 0x0000017fa6160000 Implicit null exception at 0x0000017f92bc072f to 0x0000017f92bc07ad
Event: 2.430 Thread 0x0000017fa6160000 Exception <a 'java/lang/NoSuchMethodError'{0x000000074cbaa3b0}: 'java.lang.Object java.lang.invoke.DirectMethodHandle$Holder.invokeStatic(java.lang.Object, java.lang.Object, int, java.lang.Object)'> (0x000000074cbaa3b0) 
thrown [t:/workspace/open/src/hotspot/share/interpreter/linkResolver.cpp, line 767]
Event: 2.431 Thread 0x0000017fa6160000 Exception <a 'java/lang/NoSuchMethodError'{0x000000074cbb0678}: 'java.lang.Object java.lang.invoke.Invokers$Holder.linkToTargetMethod(java.lang.Object, int, java.lang.Object, java.lang.Object)'> (0x000000074cbb0678) 
thrown [t:/workspace/open/src/hotspot/share/interpreter/linkResolver.cpp, line 767]
Event: 2.433 Thread 0x0000017fa6160000 Exception <a 'java/lang/NoSuchMethodError'{0x000000074cbbe3d8}: 'void java.lang.invoke.DirectMethodHandle$Holder.invokeSpecial(java.lang.Object, java.lang.Object, java.lang.Object, java.lang.Object, java.lang.Object, java.lang.Object)'> (0x000000074cbbe3d8) 
thrown [t:/workspace/open/src/hotspot/share/interpreter/linkResolver.cpp, line 767]
Event: 2.434 Thread 0x0000017fa6160000 Exception <a 'java/lang/NoSuchMethodError'{0x000000074cbd09c0}: 'java.lang.Object java.lang.invoke.Invokers$Holder.linkToTargetMethod(java.lang.Object, java.lang.Object, java.lang.Object, java.lang.Object, java.lang.Object, java.lang.Object)'> (0x000000074cbd09c0) 
thrown [t:/workspace/open/src/hotspot/share/interpreter/linkResolver.cpp, line 767]
Event: 2.435 Thread 0x0000017fa6160000 Exception <a 'java/lang/NoSuchMethodError'{0x000000074cbd3f90}: 'int java.lang.invoke.DirectMethodHandle$Holder.invokeSpecial(java.lang.Object, java.lang.Object, java.lang.Object, java.lang.Object)'> (0x000000074cbd3f90) 
thrown [t:/workspace/open/src/hotspot/share/interpreter/linkResolver.cpp, line 767]

Events (20 events):
Event: 2.507 loading class org/hibernate/validator/internal/engine/DefaultParameterNameProvider done
Event: 2.507 loading class org/hibernate/validator/internal/engine/DefaultClockProvider
Event: 2.507 loading class org/hibernate/validator/internal/engine/DefaultClockProvider done
Event: 2.508 loading class org/hibernate/validator/internal/util/privilegedactions/GetClassLoader
Event: 2.508 loading class org/hibernate/validator/internal/util/privilegedactions/GetClassLoader done
Event: 2.509 loading class javax/validation/valueextraction/ValueExtractor
Event: 2.509 loading class javax/validation/valueextraction/ValueExtractor done
Event: 2.509 loading class org/hibernate/validator/internal/util/privilegedactions/GetInstancesFromServiceLoader
Event: 2.509 loading class org/hibernate/validator/internal/util/privilegedactions/GetInstancesFromServiceLoader done
Event: 2.511 loading class org/springframework/boot/context/properties/source/ConfigurationPropertyName
Event: 2.511 loading class org/springframework/boot/context/properties/source/ConfigurationPropertyName done
Event: 2.511 loading class org/springframework/boot/context/properties/source/ConfigurationPropertyName
Event: 2.511 loading class org/springframework/boot/context/properties/source/ConfigurationPropertyName done
Event: 2.511 loading class org/netbeans/lib/profiler/wireprotocol/GetMethodNamesForJMethodIdsCommand
Event: 2.511 loading class org/springframework/boot/context/properties/source/ConfigurationPropertyName
Event: 2.512 loading class org/netbeans/lib/profiler/wireprotocol/GetMethodNamesForJMethodIdsCommand done
Event: 2.512 loading class org/hibernate/validator/internal/xml/config/ValidationXmlParser
Event: 2.512 loading class org/hibernate/validator/internal/xml/config/ValidationXmlParser done
Event: 2.513 loading class org/springframework/boot/context/properties/source/ConfigurationPropertyName done
Event: 2.514 Executing VM operation: GetAllStackTraces


Dynamic libraries:
0x00007ff65bab0000 - 0x00007ff65babf000 	C:\Program Files\Java\jdk-13.0.2\bin\java.exe
0x00007ffe2ea40000 - 0x00007ffe2ec30000 	C:\WINDOWS\SYSTEM32\ntdll.dll
0x00007ffe2e030000 - 0x00007ffe2e0e2000 	C:\WINDOWS\System32\KERNEL32.DLL
0x00007ffe2bc90000 - 0x00007ffe2bf33000 	C:\WINDOWS\System32\KERNELBASE.dll
0x00007ffe2b9a0000 - 0x00007ffe2ba9a000 	C:\WINDOWS\System32\ucrtbase.dll
0x00007ffe23e30000 - 0x00007ffe23e48000 	C:\Program Files\Java\jdk-13.0.2\bin\jli.dll
0x00007ffe284c0000 - 0x00007ffe284d5000 	C:\Program Files\Java\jdk-13.0.2\bin\VCRUNTIME140.dll
0x00007ffe2df80000 - 0x00007ffe2e023000 	C:\WINDOWS\System32\ADVAPI32.dll
0x00007ffe2cc20000 - 0x00007ffe2ccbe000 	C:\WINDOWS\System32\msvcrt.dll
0x00007ffe2e700000 - 0x00007ffe2e797000 	C:\WINDOWS\System32\sechost.dll
0x00007ffe2e2d0000 - 0x00007ffe2e3f0000 	C:\WINDOWS\System32\RPCRT4.dll
0x00007ffe2dde0000 - 0x00007ffe2df74000 	C:\WINDOWS\System32\USER32.dll
0x00007ffe2bac0000 - 0x00007ffe2bae1000 	C:\WINDOWS\System32\win32u.dll
0x00007ffe201f0000 - 0x00007ffe20475000 	C:\WINDOWS\WinSxS\amd64_microsoft.windows.common-controls_6595b64144ccf1df_6.0.18362.418_none_e6c6b287130d565d\COMCTL32.dll
0x00007ffe2d4c0000 - 0x00007ffe2d4e6000 	C:\WINDOWS\System32\GDI32.dll
0x00007ffe2d4f0000 - 0x00007ffe2d826000 	C:\WINDOWS\System32\combase.dll
0x00007ffe2baf0000 - 0x00007ffe2bc84000 	C:\WINDOWS\System32\gdi32full.dll
0x00007ffe2c6c0000 - 0x00007ffe2c75e000 	C:\WINDOWS\System32\msvcp_win.dll
0x00007ffe2c9e0000 - 0x00007ffe2ca60000 	C:\WINDOWS\System32\bcryptPrimitives.dll
0x00007ffe26bb0000 - 0x00007ffe26bba000 	C:\WINDOWS\SYSTEM32\VERSION.dll
0x00007ffe2cb20000 - 0x00007ffe2cb4e000 	C:\WINDOWS\System32\IMM32.DLL
0x00007ffdffd60000 - 0x00007ffdffdfb000 	C:\Program Files\Java\jdk-13.0.2\bin\msvcp140.dll
0x00007ffdbd590000 - 0x00007ffdbe0ed000 	C:\Program Files\Java\jdk-13.0.2\bin\server\jvm.dll
0x00007ffe2e7a0000 - 0x00007ffe2e7a8000 	C:\WINDOWS\System32\PSAPI.DLL
0x00007ffe08af0000 - 0x00007ffe08af9000 	C:\WINDOWS\SYSTEM32\WSOCK32.dll
0x00007ffe272d0000 - 0x00007ffe272f4000 	C:\WINDOWS\SYSTEM32\WINMM.dll
0x00007ffe2d830000 - 0x00007ffe2d89f000 	C:\WINDOWS\System32\WS2_32.dll
0x00007ffe272a0000 - 0x00007ffe272cd000 	C:\WINDOWS\SYSTEM32\WINMMBASE.dll
0x00007ffe2c990000 - 0x00007ffe2c9da000 	C:\WINDOWS\System32\cfgmgr32.dll
0x00007ffe2b980000 - 0x00007ffe2b991000 	C:\WINDOWS\System32\kernel.appcore.dll
0x00007ffe27500000 - 0x00007ffe27510000 	C:\Program Files\Java\jdk-13.0.2\bin\verify.dll
0x00007ffe18190000 - 0x00007ffe18384000 	C:\WINDOWS\SYSTEM32\DBGHELP.DLL
0x00007ffe18160000 - 0x00007ffe1818a000 	C:\WINDOWS\SYSTEM32\dbgcore.DLL
0x00007ffe1e8c0000 - 0x00007ffe1e8e6000 	C:\Program Files\Java\jdk-13.0.2\bin\java.dll
0x00007ffe28460000 - 0x00007ffe2846f000 	C:\Program Files\NetBeans-11.3\netbeans\profiler\lib\deployed\jdk16\windows-amd64\profilerinterface.dll
0x00007ffe01420000 - 0x00007ffe01437000 	C:\Program Files\Java\jdk-13.0.2\bin\zip.dll
0x00007ffe23930000 - 0x00007ffe2393a000 	C:\Program Files\Java\jdk-13.0.2\bin\jimage.dll
0x00007ffe2cdd0000 - 0x00007ffe2d4b5000 	C:\WINDOWS\System32\SHELL32.dll
0x00007ffe2e920000 - 0x00007ffe2e9c9000 	C:\WINDOWS\System32\shcore.dll
0x00007ffe2bf40000 - 0x00007ffe2c6bf000 	C:\WINDOWS\System32\windows.storage.dll
0x00007ffe2b8f0000 - 0x00007ffe2b90f000 	C:\WINDOWS\System32\profapi.dll
0x00007ffe2b910000 - 0x00007ffe2b95a000 	C:\WINDOWS\System32\powrprof.dll
0x00007ffe2b8e0000 - 0x00007ffe2b8f0000 	C:\WINDOWS\System32\UMPDC.dll
0x00007ffe2cac0000 - 0x00007ffe2cb12000 	C:\WINDOWS\System32\shlwapi.dll
0x00007ffe2baa0000 - 0x00007ffe2bab7000 	C:\WINDOWS\System32\cryptsp.dll
0x00007ffdffe40000 - 0x00007ffdffe59000 	C:\Program Files\Java\jdk-13.0.2\bin\net.dll
0x00007ffe21a50000 - 0x00007ffe21b40000 	C:\WINDOWS\SYSTEM32\WINHTTP.dll
0x00007ffe2b0f0000 - 0x00007ffe2b157000 	C:\WINDOWS\system32\mswsock.dll
0x00007ffdffe20000 - 0x00007ffdffe33000 	C:\Program Files\Java\jdk-13.0.2\bin\nio.dll
0x00007ffe1fc80000 - 0x00007ffe1fc89000 	C:\Program Files\Java\jdk-13.0.2\bin\management.dll
0x00007ffe1e870000 - 0x00007ffe1e87b000 	C:\Program Files\Java\jdk-13.0.2\bin\management_ext.dll
0x00007ffe2ac60000 - 0x00007ffe2ac93000 	C:\WINDOWS\system32\rsaenh.dll
0x00007ffe2c960000 - 0x00007ffe2c986000 	C:\WINDOWS\System32\bcrypt.dll
0x00007ffe2b800000 - 0x00007ffe2b825000 	C:\WINDOWS\SYSTEM32\USERENV.dll
0x00007ffe2b2c0000 - 0x00007ffe2b2cc000 	C:\WINDOWS\SYSTEM32\CRYPTBASE.dll
0x00007ffe2ae00000 - 0x00007ffe2ae3a000 	C:\WINDOWS\SYSTEM32\IPHLPAPI.DLL
0x00007ffe2e890000 - 0x00007ffe2e898000 	C:\WINDOWS\System32\NSI.dll
0x00007ffe1f930000 - 0x00007ffe1f946000 	C:\WINDOWS\SYSTEM32\dhcpcsvc6.DLL
0x00007ffe1fab0000 - 0x00007ffe1facc000 	C:\WINDOWS\SYSTEM32\dhcpcsvc.DLL
0x00007ffe2ae40000 - 0x00007ffe2af0a000 	C:\WINDOWS\SYSTEM32\DNSAPI.dll

dbghelp: loaded successfully - version: 4.0.5 - missing functions: none
symbol engine: initialized successfully - sym options: 0x614 - pdb path: .;C:\Program Files\Java\jdk-13.0.2\bin;C:\WINDOWS\SYSTEM32;C:\WINDOWS\WinSxS\amd64_microsoft.windows.common-controls_6595b64144ccf1df_6.0.18362.418_none_e6c6b287130d565d;C:\Program Files\Java\jdk-13.0.2\bin\server;C:\Program Files\NetBeans-11.3\netbeans\profiler\lib\deployed\jdk16\windows-amd64

VM Arguments:
jvm_args: -agentpath:C:/Program Files/NetBeans-11.3/netbeans/profiler/lib/deployed/jdk16/windows-amd64/profilerinterface.dll=C:\Program Files\NetBeans-11.3\netbeans\profiler\lib,5140,10 -XX:+HeapDumpOnOutOfMemoryError -XX:HeapDumpPath=C:\Users\Gaming\AppData\Local\NetBeans\Cache\11.3\mavencachedirs\2111395089\org-netbeans-modules-profiler 
java_command: com.example.mymovies.MyMoviesApplication
java_class_path (initial): D:\SEM8\Software Construction\Project 2\MyMovies\target\classes;C:\Users\Gaming\.m2\repository\org\springframework\boot\spring-boot-starter-data-jpa\2.2.6.RELEASE\spring-boot-starter-data-jpa-2.2.6.RELEASE.jar;C:\Users\Gaming\.m2\repository\org\springframework\boot\spring-boot-starter-aop\2.2.6.RELEASE\spring-boot-starter-aop-2.2.6.RELEASE.jar;C:\Users\Gaming\.m2\repository\org\aspectj\aspectjweaver\1.9.5\aspectjweaver-1.9.5.jar;C:\Users\Gaming\.m2\repository\org\springframework\boot\spring-boot-starter-jdbc\2.2.6.RELEASE\spring-boot-starter-jdbc-2.2.6.RELEASE.jar;C:\Users\Gaming\.m2\repository\com\zaxxer\HikariCP\3.4.2\HikariCP-3.4.2.jar;C:\Users\Gaming\.m2\repository\org\springframework\spring-jdbc\5.2.5.RELEASE\spring-jdbc-5.2.5.RELEASE.jar;C:\Users\Gaming\.m2\repository\jakarta\activation\jakarta.activation-api\1.2.2\jakarta.activation-api-1.2.2.jar;C:\Users\Gaming\.m2\repository\jakarta\persistence\jakarta.persistence-api\2.2.3\jakarta.persistence-api-2.2.3.jar;C:\Users\Gaming\.m2\repository\jakarta\transaction\jakarta.transaction-api\1.3.3\jakarta.transaction-api-1.3.3.jar;C:\Users\Gaming\.m2\repository\org\hibernate\hibernate-core\5.4.12.Final\hibernate-core-5.4.12.Final.jar;C:\Users\Gaming\.m2\repository\org\jboss\logging\jboss-logging\3.4.1.Final\jboss-logging-3.4.1.Final.jar;C:\Users\Gaming\.m2\repository\org\javassist\javassist\3.24.0-GA\javassist-3.24.0-GA.jar;C:\Users\Gaming\.m2\repository\net\bytebuddy\byte-buddy\1.10.8\byte-buddy-1.10.8.jar;C:\Users\Gaming\.m2\repository\antlr\antlr\2.7.7\antlr-2.7.7.jar;C:\Users\Gaming\.m2\repository\org\jboss\jandex\2.1.1.Final\jandex-2.1.1.Final.jar;C:\Users\Gaming\.m2\repository\com\fasterxml\classmate\1.5.1\classmate-1.5.1.jar;C:\Users\Gaming\.m2\repository\org\dom4j\dom4j\2.1.1\dom4j-2.1.1.jar;C:\Users\Gaming\.m2\repository\org\hibernate\common\hibernate-commons-annotations\5.1.0.Final\hibernate-commons-annotations-5.1.0.Final.jar;C:\Users\Gaming\.m2\repository\org\glassfish\jaxb\jax
Launcher Type: SUN_STANDARD

[Global flags]
     intx CICompilerCount                          = 3                                         {product} {ergonomic}
     uint ConcGCThreads                            = 1                                         {product} {ergonomic}
     uint G1ConcRefinementThreads                  = 5                                         {product} {ergonomic}
   size_t G1HeapRegionSize                         = 1048576                                   {product} {ergonomic}
    uintx GCDrainStackTargetSize                   = 64                                        {product} {ergonomic}
     bool HeapDumpOnOutOfMemoryError               = true                                   {manageable} {command line}
    ccstr HeapDumpPath                             = C:\Users\Gaming\AppData\Local\NetBeans\Cache\11.3\mavencachedirs\2111395089\org-netbeans-modules-profiler         {manageable} {command line}
   size_t InitialHeapSize                          = 201326592                                 {product} {ergonomic}
   size_t MarkStackSize                            = 4194304                                   {product} {ergonomic}
   size_t MaxHeapSize                              = 3193962496                                {product} {ergonomic}
   size_t MaxNewSize                               = 1915748352                                {product} {ergonomic}
   size_t MinHeapDeltaBytes                        = 1048576                                   {product} {ergonomic}
   size_t MinHeapSize                              = 8388608                                   {product} {ergonomic}
    uintx NonNMethodCodeHeapSize                   = 5832780                                {pd product} {ergonomic}
    uintx NonProfiledCodeHeapSize                  = 122912730                              {pd product} {ergonomic}
    uintx ProfiledCodeHeapSize                     = 122912730                              {pd product} {ergonomic}
    uintx ReservedCodeCacheSize                    = 251658240                              {pd product} {ergonomic}
     bool SegmentedCodeCache                       = true                                      {product} {ergonomic}
   size_t SoftMaxHeapSize                          = 3193962496                             {manageable} {ergonomic}
     bool UseCompressedClassPointers               = true                                 {lp64_product} {ergonomic}
     bool UseCompressedOops                        = true                                 {lp64_product} {ergonomic}
     bool UseG1GC                                  = true                                      {product} {ergonomic}
     bool UseLargePagesIndividualAllocation        = false                                  {pd product} {ergonomic}

Logging:
Log output configuration:
 #0: stdout all=warning uptime,level,tags
 #1: stderr all=off uptime,level,tags

Environment Variables:
JAVA_HOME=C:\Program Files\Java\jdk-13.0.2
PATH=C:\Program Files (x86)\Common Files\Oracle\Java\javapath;C:\Python38\Scripts\;C:\Python38\;C:\ProgramData\Oracle\Java\javapath;C:\Program Files (x86)\Intel\iCLS Client\;C:\Program Files\Intel\iCLS Client\;C:\Windows\system32;C:\Windows;C:\Windows\System32\Wbem;C:\Windows\System32\WindowsPowerShell\v1.0\;C:\Program Files\Intel\Intel(R) Management Engine Components\DAL;C:\Program Files (x86)\Intel\Intel(R) Management Engine Components\DAL;C:\Program Files\Intel\Intel(R) Management Engine Components\IPT;C:\Program Files (x86)\Intel\Intel(R) Management Engine Components\IPT;C:\Program Files (x86)\NVIDIA Corporation\PhysX\Common;C:\WINDOWS\system32;C:\WINDOWS;C:\WINDOWS\System32\Wbem;C:\WINDOWS\System32\WindowsPowerShell\v1.0\;C:\Program Files (x86)\Windows Live\Shared;C:\Program Files (x86)\QuickTime\QTSystem\;C:\WINDOWS\System32\OpenSSH\;C:\Program Files\dotnet\;C:\Program Files\Microsoft SQL Server\130\Tools\Binn\;C:\Program Files\Intel\WiFi\bin\;C:\Program Files\Common Files\Intel\WirelessCommon\;C:\Program Files\nodejs\;C:\hadoop-3.1.0\hadoop-3.1.0\bin;C:\hadoop-3.1.0\hadoop-3.1.0\sbin;C:\Program Files\NVIDIA Corporation\NVIDIA NvDLISR;C:\WINDOWS\system32;C:\WINDOWS;C:\WINDOWS\System32\Wbem;C:\WINDOWS\System32\WindowsPowerShell\v1.0\;C:\WINDOWS\System32\OpenSSH\;C:\Program Files\Microsoft SQL Server\Client SDK\ODBC\170\Tools\Binn\;C:\ProgramData\chocolatey\bin;C:\MinGW\bin;C:\MinGW\bin\g++.exe;C:\Program Files (x86)\Microsoft SQL Server\150\DTS\Binn\;C:\Program Files (x86)\Microsoft SQL Server\150\Tools\Binn\;C:\Program Files\Microsoft SQL Server\150\Tools\Binn\;C:\Program Files\Microsoft SQL Server\150\DTS\Binn\;C:\Program Files\Java\jdk-11.0.6\bin;C:\Program Files\Git\cmd;C:\xampp\php;C:\composer;D:\apache-maven-3.6.3-bin\apache-maven-3.6.3\bin;C:\Program Files\PuTTY\;C:\Users\Gaming\AppData\Local\Programs\Microsoft VS Code\bin;C:\Users\Gaming\AppData\Local\GitHubDesktop\bin;C:\Users\Gaming\AppData\Roaming\Composer\vendor\bin
USERNAME=FIQMANAN
OS=Windows_NT
PROCESSOR_IDENTIFIER=Intel64 Family 6 Model 60 Stepping 3, GenuineIntel



---------------  S Y S T E M  ---------------

OS: Windows 10 , 64 bit Build 18362 (10.0.18362.329)

CPU:total 5 (initial active 5) (4 cores per cpu, 2 threads per core) family 6 model 60 stepping 3, cmov, cx8, fxsr, mmx, sse, sse2, sse3, ssse3, sse4.1, sse4.2, popcnt, avx, avx2, aes, clmul, erms, lzcnt, ht, tsc, tscinvbit, bmi1, bmi2, fma

Memory: 4k page, system-wide physical 12176M (2492M free)
TotalPageFile size 19344M (AvailPageFile size 3133M)
current process WorkingSet (physical memory assigned to process): 136M, peak: 136M
current process commit charge ("private bytes"): 322M, peak: 322M

vm_info: Java HotSpot(TM) 64-Bit Server VM (13.0.2+8) for windows-amd64 JRE (13.0.2+8), built on Dec 11 2019 09:20:33 by "mach5one" with unknown MS VC++:1916

END.
