#
# A fatal error has been detected by the Java Runtime Environment:
#
#  EXCEPTION_ACCESS_VIOLATION (0xc0000005) at pc=0x00007ffe1235a7db, pid=3440, tid=22640
#
# JRE version: Java(TM) SE Runtime Environment (13.0.2+8) (build 13.0.2+8)
# Java VM: Java HotSpot(TM) 64-Bit Server VM (13.0.2+8, mixed mode, sharing, tiered, compressed oops, g1 gc, windows-amd64)
# Problematic frame:
# V  [jvm.dll+0x5da7db]
#
# No core dump will be written. Minidumps are not enabled by default on client versions of Windows
#
# If you would like to submit a bug report, please visit:
#   http://bugreport.java.com/bugreport/crash.jsp
#

---------------  S U M M A R Y ------------

Command Line: -agentpath:C:/Program Files/NetBeans-11.3/netbeans/profiler/lib/deployed/jdk16/windows-amd64/profilerinterface.dll=C:\Program Files\NetBeans-11.3\netbeans\profiler\lib,5140,10 -XX:+HeapDumpOnOutOfMemoryError -XX:HeapDumpPath=C:\Users\Gaming\AppData\Local\NetBeans\Cache\11.3\mavencachedirs\2111395089\org-netbeans-modules-profiler com.example.mymovies.MyMoviesApplication

Host: Intel(R) Core(TM) i7-4720HQ CPU @ 2.60GHz, 5 cores, 11G,  Windows 10 , 64 bit Build 18362 (10.0.18362.329)
Time: Fri Jul  3 18:13:23 2020 Malay Peninsula Standard Time elapsed time: 3 seconds (0d 0h 0m 3s)

---------------  T H R E A D  ---------------

Current thread (0x00000165a476e000):  JavaThread "*** Profiler Agent Communication Thread" daemon [_thread_in_vm, id=22640, stack(0x0000004170600000,0x0000004170700000)]

Stack: [0x0000004170600000,0x0000004170700000],  sp=0x00000041706fec30,  free space=1019k
Native frames: (J=compiled Java code, j=interpreted, Vv=VM code, C=native code)
V  [jvm.dll+0x5da7db]
V  [jvm.dll+0x4a6f64]
C  [profilerinterface.dll+0x34da]

Java frames: (J=compiled Java code, j=interpreted, Vv=VM code)
j  org.netbeans.lib.profiler.server.system.Stacks.getMethodNamesForJMethodIds(I[I[I)[B+0
j  org.netbeans.lib.profiler.server.ProfilerInterface.getMethodNamesForJMethodIds([I)Lorg/netbeans/lib/profiler/wireprotocol/MethodNamesResponse;+20
j  org.netbeans.lib.profiler.server.ProfilerServer.handleClientCommand(Lorg/netbeans/lib/profiler/wireprotocol/Command;)V+691
j  org.netbeans.lib.profiler.server.ProfilerServer.listenToClient()V+48
j  org.netbeans.lib.profiler.server.ProfilerServer.run()V+22
v  ~StubRoutines::call_stub

siginfo: EXCEPTION_ACCESS_VIOLATION (0xc0000005), reading address 0xffffffffa438d218


Register to memory mapping:

RIP=0x00007ffe1235a7db jvm.dll
RAX=0x00000041706fec01 is pointing into the stack for thread: 0x00000165a476e000
RBX=0x00000165a476e000 is a thread
RCX=0xffffffffa438d218 is an unknown value
RDX=0x00000165a476e000 is a thread
RSP=0x00000041706fec30 is pointing into the stack for thread: 0x00000165a476e000
RBP=0xffffffffa438d218 is an unknown value
RSI=0x00000041706fed50 is pointing into the stack for thread: 0x00000165a476e000
RDI=0x0000016580d0fb40 points into unknown readable memory: a0 58 78 12 fe 7f 00 00
R8 =0x00000041706fed50 is pointing into the stack for thread: 0x00000165a476e000
R9 =0x0000000000000001 is an unknown value
R10=0x0 is NULL
R11=0x00000041706fec28 is pointing into the stack for thread: 0x00000165a476e000
R12=0x00000165a56f6500 points into unknown readable memory: 18 d2 38 24 d0 bd 24 25
R13=0x00000000000000f8 is an unknown value
R14=0x00007ffe606f9c68 profilerinterface.dll
R15=0x00007ffe606f9a60 profilerinterface.dll


Registers:
RAX=0x00000041706fec01, RBX=0x00000165a476e000, RCX=0xffffffffa438d218, RDX=0x00000165a476e000
RSP=0x00000041706fec30, RBP=0xffffffffa438d218, RSI=0x00000041706fed50, RDI=0x0000016580d0fb40
R8 =0x00000041706fed50, R9 =0x0000000000000001, R10=0x0000000000000000, R11=0x00000041706fec28
R12=0x00000165a56f6500, R13=0x00000000000000f8, R14=0x00007ffe606f9c68, R15=0x00007ffe606f9a60
RIP=0x00007ffe1235a7db, EFLAGS=0x0000000000010286

Top of Stack: (sp=0x00000041706fec30)
0x00000041706fec30:   00000000000000f8 0000000000000000
0x00000041706fec40:   000000074d974f80 00007ffe121459ac
0x00000041706fec50:   00000165a476e000 00007ffe12226f64
0x00000041706fec60:   00000000000000f8 00000165a476e000
0x00000041706fec70:   00000165a476e310 00007ffe706d9da0
0x00000041706fec80:   00000165a476e000 0000000000000000
0x00000041706fec90:   0000000000000000 0000000000000000
0x00000041706feca0:   ffffffffa438d218 00007ffe606f34da
0x00000041706fecb0:   0000000000000000 00000165a476e310
0x00000041706fecc0:   0000000000007421 00000041706fee00
0x00000041706fecd0:   00000165a56f6500 00007ffe120f9177
0x00000041706fece0:   00000041706fed00 00000165a4589800
0x00000041706fecf0:   00000000001532bb 000001658aa5fe46
0x00000041706fed00:   00000165a3edac30 00000165a476e000
0x00000041706fed10:   00000165a476e000 00000165a3edac30
0x00000041706fed20:   0000000000000000 000001658aa09d50 

Instructions: (pc=0x00007ffe1235a7db)
0x00007ffe1235a6db:   c6 05 01 d5 47 00 01 eb 61 48 8b 54 24 20 45 33
0x00007ffe1235a6eb:   c0 48 8b 05 95 4e 43 00 48 83 c2 18 48 8b ce ff
0x00007ffe1235a6fb:   d0 48 85 c0 74 20 48 8b 44 24 20 48 8b d6 48 8b
0x00007ffe1235a70b:   48 08 48 8b 41 08 48 8b 48 18 48 8b 89 98 00 00
0x00007ffe1235a71b:   00 e8 1f f8 ff ff 38 1d 26 fc 49 00 74 13 48 8b
0x00007ffe1235a72b:   4c 24 20 48 8b d7 e8 8a 2b 00 00 48 39 5f 08 75
0x00007ffe1235a73b:   09 48 8b 44 24 20 48 8b 58 18 48 8d 4c 24 20 e8
0x00007ffe1235a74b:   51 99 d6 ff 48 8b 74 24 48 48 8b c3 48 8b 5c 24
0x00007ffe1235a75b:   40 48 83 c4 30 5f c3 cc cc cc cc cc cc cc cc cc
0x00007ffe1235a76b:   cc cc cc cc cc 48 8b 51 08 4c 8b c1 48 8b 42 08
0x00007ffe1235a77b:   0f b6 52 24 c0 ea 06 48 8b 48 18 8b 81 a4 00 00
0x00007ffe1235a78b:   00 f6 c2 01 75 27 48 85 c9 74 14 8b c8 c1 e9 09
0x00007ffe1235a79b:   f6 c1 01 74 0a 41 f7 40 20 02 04 00 00 74 0e 41
0x00007ffe1235a7ab:   8b 48 20 0b c8 f6 c1 10 74 03 b0 01 c3 41 83 78
0x00007ffe1235a7bb:   24 fe 0f 94 c0 c3 cc cc cc cc cc cc cc cc cc cc
0x00007ffe1235a7cb:   cc cc cc cc cc 40 53 48 83 ec 20 48 85 c9 74 24
0x00007ffe1235a7db:   48 8b 19 48 85 db 74 1c 48 83 fb 37 74 16 48 8b
0x00007ffe1235a7eb:   13 48 8b cb ff 52 10 84 c0 74 09 48 8b c3 48 83
0x00007ffe1235a7fb:   c4 20 5b c3 33 c0 48 83 c4 20 5b c3 cc cc cc cc
0x00007ffe1235a80b:   cc cc cc cc cc 40 53 55 41 56 41 57 48 83 ec 28
0x00007ffe1235a81b:   48 8b 41 08 33 ed 4c 8b f1 48 8b 50 08 4c 8b 7a
0x00007ffe1235a82b:   18 49 8b 9f 78 01 00 00 48 85 db 0f 84 d5 00 00
0x00007ffe1235a83b:   00 8b 15 52 af 4e 00 65 48 8b 04 25 58 00 00 00
0x00007ffe1235a84b:   48 89 74 24 50 4c 89 64 24 60 4c 89 6c 24 20 41
0x00007ffe1235a85b:   bd ff ff 00 00 4c 8d 24 d0 41 b8 08 00 00 00 48
0x00007ffe1235a86b:   89 7c 24 58 90 49 8b 56 08 48 8b 73 10 0f b7 42
0x00007ffe1235a87b:   2a 66 39 43 08 75 6c 0f b7 42 2c 66 39 43 0a 75
0x00007ffe1235a88b:   62 48 63 4b 04 0f b6 03 88 44 11 38 49 8b 04 24
0x00007ffe1235a89b:   41 8b c8 48 8b 3c 01 49 8b ce 48 8b d7 e8 f3 4d
0x00007ffe1235a8ab:   bd ff 48 83 7f 08 00 75 0a 48 85 c0 74 05 66 44
0x00007ffe1235a8bb:   01 68 16 48 85 ed 74 14 48 8b cb 48 89 75 10 e8
0x00007ffe1235a8cb:   81 e3 ad ff 41 b8 08 00 00 00 eb 1a 48 8b cb 49 


Stack slot to memory mapping:
stack at sp + 0 slots: 0x00000000000000f8 is an unknown value
stack at sp + 1 slots: 0x0 is NULL
stack at sp + 2 slots: 0x000000074d974f80 is an oop: [I 
{0x000000074d974f80} - klass: {type array int}
 - length: 248
stack at sp + 3 slots: 0x00007ffe121459ac jvm.dll
stack at sp + 4 slots: 0x00000165a476e000 is a thread
stack at sp + 5 slots: 0x00007ffe12226f64 jvm.dll
stack at sp + 6 slots: 0x00000000000000f8 is an unknown value
stack at sp + 7 slots: 0x00000165a476e000 is a thread


---------------  P R O C E S S  ---------------

Threads class SMR info:
_java_thread_list=0x00000165a5151f40, length=14, elements={
0x0000016580d1d800, 0x00000165a4386000, 0x00000165a4389800, 0x00000165a43b4800,
0x00000165a43b5800, 0x00000165a43b6800, 0x00000165a43b8000, 0x00000165a43b9000,
0x00000165a44e7000, 0x00000165a476e000, 0x00000165a5031000, 0x00000165a5033800,
0x00000165a515a000, 0x00000165a520e000
}

Java Threads: ( => current thread )
  0x0000016580d1d800 JavaThread "main" [_thread_blocked, id=13068, stack(0x000000416f700000,0x000000416f800000)]
  0x00000165a4386000 JavaThread "Reference Handler" daemon [_thread_blocked, id=29068, stack(0x000000416fe00000,0x000000416ff00000)]
  0x00000165a4389800 JavaThread "Finalizer" daemon [_thread_blocked, id=30724, stack(0x000000416ff00000,0x0000004170000000)]
  0x00000165a43b4800 JavaThread "Signal Dispatcher" daemon [_thread_blocked, id=31628, stack(0x0000004170000000,0x0000004170100000)]
  0x00000165a43b5800 JavaThread "Attach Listener" daemon [_thread_blocked, id=22120, stack(0x0000004170100000,0x0000004170200000)]
  0x00000165a43b6800 JavaThread "C2 CompilerThread0" daemon [_thread_blocked, id=24596, stack(0x0000004170200000,0x0000004170300000)]
  0x00000165a43b8000 JavaThread "C1 CompilerThread0" daemon [_thread_blocked, id=30136, stack(0x0000004170300000,0x0000004170400000)]
  0x00000165a43b9000 JavaThread "Sweeper thread" daemon [_thread_blocked, id=10048, stack(0x0000004170400000,0x0000004170500000)]
  0x00000165a44e7000 JavaThread "Common-Cleaner" daemon [_thread_blocked, id=23504, stack(0x0000004170500000,0x0000004170600000)]
=>0x00000165a476e000 JavaThread "*** Profiler Agent Communication Thread" daemon [_thread_in_vm, id=22640, stack(0x0000004170600000,0x0000004170700000)]
  0x00000165a5031000 JavaThread "*** JFluid Monitor thread ***" daemon [_thread_blocked, id=28640, stack(0x0000004170700000,0x0000004170800000)]
  0x00000165a5033800 JavaThread "*** Profiler Agent Special Execution Thread 6" daemon [_thread_blocked, id=3156, stack(0x0000004170800000,0x0000004170900000)]
  0x00000165a515a000 JavaThread "*** Profiler Agent Special Execution Thread 10" daemon [_thread_blocked, id=29644, stack(0x0000004170a00000,0x0000004170b00000)]
  0x00000165a520e000 JavaThread "Service Thread" daemon [_thread_blocked, id=2704, stack(0x0000004170900000,0x0000004170a00000)]

Other Threads:
  0x00000165a4398000 VMThread "VM Thread" [stack: 0x000000416fd00000,0x000000416fe00000] [id=16516] _threads_hazard_ptr=0x00000165a5151f40
  0x00000165a51fb000 WatcherThread [stack: 0x0000004170b00000,0x0000004170c00000] [id=25508]
  0x0000016580d76800 GCTaskThread "GC Thread#0" [stack: 0x000000416f800000,0x000000416f900000] [id=20600]
  0x00000165a51fd000 GCTaskThread "GC Thread#1" [stack: 0x0000004170c00000,0x0000004170d00000] [id=16408]
  0x00000165a4578000 GCTaskThread "GC Thread#2" [stack: 0x0000004170d00000,0x0000004170e00000] [id=30992]
  0x00000165a52b3000 GCTaskThread "GC Thread#3" [stack: 0x0000004170e00000,0x0000004170f00000] [id=22748]
  0x0000016580d91000 ConcurrentGCThread "G1 Main Marker" [stack: 0x000000416f900000,0x000000416fa00000] [id=1704]
  0x0000016580d92800 ConcurrentGCThread "G1 Conc#0" [stack: 0x000000416fa00000,0x000000416fb00000] [id=768]
  0x00000165a3a02000 ConcurrentGCThread "G1 Refine#0" [stack: 0x000000416fb00000,0x000000416fc00000] [id=25464]
  0x00000165a464b000 ConcurrentGCThread "G1 Refine#1" [stack: 0x0000004170f00000,0x0000004171000000] [id=3444]
  0x00000165a3a04000 ConcurrentGCThread "G1 Young RemSet Sampling" [stack: 0x000000416fc00000,0x000000416fd00000] [id=13432]

Threads with active compile tasks:
C2 CompilerThread0     3908 1057       4       java.io.WinNTFileSystem::normalize (143 bytes)

VM state:synchronizing (normal execution)

VM Mutex/Monitor currently owned by a thread:  ([mutex/lock_event])
[0x0000016580d1b0f0] Threads_lock - owner thread: 0x00000165a4398000

Heap address: 0x0000000741a00000, size: 3046 MB, Compressed Oops mode: Zero based, Oop shift amount: 3
Narrow klass base: 0x0000000800000000, Narrow klass shift: 3
Compressed class space size: 1073741824 Address: 0x0000000800b40000

Heap:
 garbage-first heap   total 196608K, used 12227K [0x0000000741a00000, 0x0000000800000000)
  region size 1024K, 3 young (3072K), 1 survivors (1024K)
 Metaspace       used 6325K, capacity 6586K, committed 6784K, reserved 1056768K
  class space    used 694K, capacity 781K, committed 896K, reserved 1048576K
Heap Regions: E=young(eden), S=young(survivor), O=old, HS=humongous(starts), HC=humongous(continues), CS=collection set, F=free, A=archive, TAMS=top-at-mark-start (previous, next)
|   0|0x0000000741a00000, 0x0000000741b00000, 0x0000000741b00000|100%|HS|  |TAMS 0x0000000741a00000, 0x0000000741a00000| Complete 
|   1|0x0000000741b00000, 0x0000000741c00000, 0x0000000741c00000|100%|HS|  |TAMS 0x0000000741b00000, 0x0000000741b00000| Complete 
|   2|0x0000000741c00000, 0x0000000741d00000, 0x0000000741d00000|100%|HS|  |TAMS 0x0000000741c00000, 0x0000000741c00000| Complete 
|   3|0x0000000741d00000, 0x0000000741e00000, 0x0000000741e00000|100%|HC|  |TAMS 0x0000000741d00000, 0x0000000741d00000| Complete 
|   4|0x0000000741e00000, 0x0000000741f00000, 0x0000000741f00000|100%| O|  |TAMS 0x0000000741e00000, 0x0000000741e00000| Untracked 
|   5|0x0000000741f00000, 0x0000000742000000, 0x0000000742000000|100%| O|  |TAMS 0x0000000741f00000, 0x0000000741f00000| Untracked 
|   6|0x0000000742000000, 0x0000000742100000, 0x0000000742100000|100%| O|  |TAMS 0x0000000742000000, 0x0000000742000000| Untracked 
|   7|0x0000000742100000, 0x0000000742200000, 0x0000000742200000|100%| O|  |TAMS 0x0000000742100000, 0x0000000742100000| Untracked 
|   8|0x0000000742200000, 0x0000000742300000, 0x0000000742300000|100%| O|  |TAMS 0x0000000742200000, 0x0000000742200000| Untracked 
|   9|0x0000000742300000, 0x0000000742400000, 0x0000000742400000|100%| O|  |TAMS 0x0000000742300000, 0x0000000742300000| Untracked 
|  10|0x0000000742400000, 0x00000007424a6800, 0x0000000742500000| 65%| O|  |TAMS 0x0000000742400000, 0x0000000742400000| Untracked 
|  11|0x0000000742500000, 0x0000000742500000, 0x0000000742600000|  0%| F|  |TAMS 0x0000000742500000, 0x0000000742500000| Untracked 
|  12|0x0000000742600000, 0x0000000742600000, 0x0000000742700000|  0%| F|  |TAMS 0x0000000742600000, 0x0000000742600000| Untracked 
|  13|0x0000000742700000, 0x0000000742700000, 0x0000000742800000|  0%| F|  |TAMS 0x0000000742700000, 0x0000000742700000| Untracked 
|  14|0x0000000742800000, 0x0000000742800000, 0x0000000742900000|  0%| F|  |TAMS 0x0000000742800000, 0x0000000742800000| Untracked 
|  15|0x0000000742900000, 0x0000000742900000, 0x0000000742a00000|  0%| F|  |TAMS 0x0000000742900000, 0x0000000742900000| Untracked 
|  16|0x0000000742a00000, 0x0000000742a00000, 0x0000000742b00000|  0%| F|  |TAMS 0x0000000742a00000, 0x0000000742a00000| Untracked 
|  17|0x0000000742b00000, 0x0000000742b00000, 0x0000000742c00000|  0%| F|  |TAMS 0x0000000742b00000, 0x0000000742b00000| Untracked 
|  18|0x0000000742c00000, 0x0000000742c00000, 0x0000000742d00000|  0%| F|  |TAMS 0x0000000742c00000, 0x0000000742c00000| Untracked 
|  19|0x0000000742d00000, 0x0000000742d00000, 0x0000000742e00000|  0%| F|  |TAMS 0x0000000742d00000, 0x0000000742d00000| Untracked 
|  20|0x0000000742e00000, 0x0000000742e00000, 0x0000000742f00000|  0%| F|  |TAMS 0x0000000742e00000, 0x0000000742e00000| Untracked 
|  21|0x0000000742f00000, 0x0000000742f00000, 0x0000000743000000|  0%| F|  |TAMS 0x0000000742f00000, 0x0000000742f00000| Untracked 
|  22|0x0000000743000000, 0x0000000743000000, 0x0000000743100000|  0%| F|  |TAMS 0x0000000743000000, 0x0000000743000000| Untracked 
|  23|0x0000000743100000, 0x0000000743100000, 0x0000000743200000|  0%| F|  |TAMS 0x0000000743100000, 0x0000000743100000| Untracked 
|  24|0x0000000743200000, 0x0000000743200000, 0x0000000743300000|  0%| F|  |TAMS 0x0000000743200000, 0x0000000743200000| Untracked 
|  25|0x0000000743300000, 0x0000000743300000, 0x0000000743400000|  0%| F|  |TAMS 0x0000000743300000, 0x0000000743300000| Untracked 
|  26|0x0000000743400000, 0x0000000743400000, 0x0000000743500000|  0%| F|  |TAMS 0x0000000743400000, 0x0000000743400000| Untracked 
|  27|0x0000000743500000, 0x0000000743500000, 0x0000000743600000|  0%| F|  |TAMS 0x0000000743500000, 0x0000000743500000| Untracked 
|  28|0x0000000743600000, 0x0000000743600000, 0x0000000743700000|  0%| F|  |TAMS 0x0000000743600000, 0x0000000743600000| Untracked 
|  29|0x0000000743700000, 0x0000000743700000, 0x0000000743800000|  0%| F|  |TAMS 0x0000000743700000, 0x0000000743700000| Untracked 
|  30|0x0000000743800000, 0x0000000743800000, 0x0000000743900000|  0%| F|  |TAMS 0x0000000743800000, 0x0000000743800000| Untracked 
|  31|0x0000000743900000, 0x0000000743900000, 0x0000000743a00000|  0%| F|  |TAMS 0x0000000743900000, 0x0000000743900000| Untracked 
|  32|0x0000000743a00000, 0x0000000743a00000, 0x0000000743b00000|  0%| F|  |TAMS 0x0000000743a00000, 0x0000000743a00000| Untracked 
|  33|0x0000000743b00000, 0x0000000743b00000, 0x0000000743c00000|  0%| F|  |TAMS 0x0000000743b00000, 0x0000000743b00000| Untracked 
|  34|0x0000000743c00000, 0x0000000743c00000, 0x0000000743d00000|  0%| F|  |TAMS 0x0000000743c00000, 0x0000000743c00000| Untracked 
|  35|0x0000000743d00000, 0x0000000743d00000, 0x0000000743e00000|  0%| F|  |TAMS 0x0000000743d00000, 0x0000000743d00000| Untracked 
|  36|0x0000000743e00000, 0x0000000743e00000, 0x0000000743f00000|  0%| F|  |TAMS 0x0000000743e00000, 0x0000000743e00000| Untracked 
|  37|0x0000000743f00000, 0x0000000743f00000, 0x0000000744000000|  0%| F|  |TAMS 0x0000000743f00000, 0x0000000743f00000| Untracked 
|  38|0x0000000744000000, 0x0000000744000000, 0x0000000744100000|  0%| F|  |TAMS 0x0000000744000000, 0x0000000744000000| Untracked 
|  39|0x0000000744100000, 0x0000000744100000, 0x0000000744200000|  0%| F|  |TAMS 0x0000000744100000, 0x0000000744100000| Untracked 
|  40|0x0000000744200000, 0x0000000744200000, 0x0000000744300000|  0%| F|  |TAMS 0x0000000744200000, 0x0000000744200000| Untracked 
|  41|0x0000000744300000, 0x0000000744300000, 0x0000000744400000|  0%| F|  |TAMS 0x0000000744300000, 0x0000000744300000| Untracked 
|  42|0x0000000744400000, 0x0000000744400000, 0x0000000744500000|  0%| F|  |TAMS 0x0000000744400000, 0x0000000744400000| Untracked 
|  43|0x0000000744500000, 0x0000000744500000, 0x0000000744600000|  0%| F|  |TAMS 0x0000000744500000, 0x0000000744500000| Untracked 
|  44|0x0000000744600000, 0x0000000744600000, 0x0000000744700000|  0%| F|  |TAMS 0x0000000744600000, 0x0000000744600000| Untracked 
|  45|0x0000000744700000, 0x0000000744700000, 0x0000000744800000|  0%| F|  |TAMS 0x0000000744700000, 0x0000000744700000| Untracked 
|  46|0x0000000744800000, 0x0000000744800000, 0x0000000744900000|  0%| F|  |TAMS 0x0000000744800000, 0x0000000744800000| Untracked 
|  47|0x0000000744900000, 0x0000000744900000, 0x0000000744a00000|  0%| F|  |TAMS 0x0000000744900000, 0x0000000744900000| Untracked 
|  48|0x0000000744a00000, 0x0000000744a00000, 0x0000000744b00000|  0%| F|  |TAMS 0x0000000744a00000, 0x0000000744a00000| Untracked 
|  49|0x0000000744b00000, 0x0000000744b00000, 0x0000000744c00000|  0%| F|  |TAMS 0x0000000744b00000, 0x0000000744b00000| Untracked 
|  50|0x0000000744c00000, 0x0000000744c00000, 0x0000000744d00000|  0%| F|  |TAMS 0x0000000744c00000, 0x0000000744c00000| Untracked 
|  51|0x0000000744d00000, 0x0000000744d00000, 0x0000000744e00000|  0%| F|  |TAMS 0x0000000744d00000, 0x0000000744d00000| Untracked 
|  52|0x0000000744e00000, 0x0000000744e00000, 0x0000000744f00000|  0%| F|  |TAMS 0x0000000744e00000, 0x0000000744e00000| Untracked 
|  53|0x0000000744f00000, 0x0000000744f00000, 0x0000000745000000|  0%| F|  |TAMS 0x0000000744f00000, 0x0000000744f00000| Untracked 
|  54|0x0000000745000000, 0x0000000745000000, 0x0000000745100000|  0%| F|  |TAMS 0x0000000745000000, 0x0000000745000000| Untracked 
|  55|0x0000000745100000, 0x0000000745100000, 0x0000000745200000|  0%| F|  |TAMS 0x0000000745100000, 0x0000000745100000| Untracked 
|  56|0x0000000745200000, 0x0000000745200000, 0x0000000745300000|  0%| F|  |TAMS 0x0000000745200000, 0x0000000745200000| Untracked 
|  57|0x0000000745300000, 0x0000000745300000, 0x0000000745400000|  0%| F|  |TAMS 0x0000000745300000, 0x0000000745300000| Untracked 
|  58|0x0000000745400000, 0x0000000745400000, 0x0000000745500000|  0%| F|  |TAMS 0x0000000745400000, 0x0000000745400000| Untracked 
|  59|0x0000000745500000, 0x0000000745500000, 0x0000000745600000|  0%| F|  |TAMS 0x0000000745500000, 0x0000000745500000| Untracked 
|  60|0x0000000745600000, 0x0000000745600000, 0x0000000745700000|  0%| F|  |TAMS 0x0000000745600000, 0x0000000745600000| Untracked 
|  61|0x0000000745700000, 0x0000000745700000, 0x0000000745800000|  0%| F|  |TAMS 0x0000000745700000, 0x0000000745700000| Untracked 
|  62|0x0000000745800000, 0x0000000745800000, 0x0000000745900000|  0%| F|  |TAMS 0x0000000745800000, 0x0000000745800000| Untracked 
|  63|0x0000000745900000, 0x0000000745900000, 0x0000000745a00000|  0%| F|  |TAMS 0x0000000745900000, 0x0000000745900000| Untracked 
|  64|0x0000000745a00000, 0x0000000745a00000, 0x0000000745b00000|  0%| F|  |TAMS 0x0000000745a00000, 0x0000000745a00000| Untracked 
|  65|0x0000000745b00000, 0x0000000745b00000, 0x0000000745c00000|  0%| F|  |TAMS 0x0000000745b00000, 0x0000000745b00000| Untracked 
|  66|0x0000000745c00000, 0x0000000745c00000, 0x0000000745d00000|  0%| F|  |TAMS 0x0000000745c00000, 0x0000000745c00000| Untracked 
|  67|0x0000000745d00000, 0x0000000745d00000, 0x0000000745e00000|  0%| F|  |TAMS 0x0000000745d00000, 0x0000000745d00000| Untracked 
|  68|0x0000000745e00000, 0x0000000745e00000, 0x0000000745f00000|  0%| F|  |TAMS 0x0000000745e00000, 0x0000000745e00000| Untracked 
|  69|0x0000000745f00000, 0x0000000745f00000, 0x0000000746000000|  0%| F|  |TAMS 0x0000000745f00000, 0x0000000745f00000| Untracked 
|  70|0x0000000746000000, 0x0000000746000000, 0x0000000746100000|  0%| F|  |TAMS 0x0000000746000000, 0x0000000746000000| Untracked 
|  71|0x0000000746100000, 0x0000000746100000, 0x0000000746200000|  0%| F|  |TAMS 0x0000000746100000, 0x0000000746100000| Untracked 
|  72|0x0000000746200000, 0x0000000746200000, 0x0000000746300000|  0%| F|  |TAMS 0x0000000746200000, 0x0000000746200000| Untracked 
|  73|0x0000000746300000, 0x0000000746300000, 0x0000000746400000|  0%| F|  |TAMS 0x0000000746300000, 0x0000000746300000| Untracked 
|  74|0x0000000746400000, 0x0000000746400000, 0x0000000746500000|  0%| F|  |TAMS 0x0000000746400000, 0x0000000746400000| Untracked 
|  75|0x0000000746500000, 0x0000000746500000, 0x0000000746600000|  0%| F|  |TAMS 0x0000000746500000, 0x0000000746500000| Untracked 
|  76|0x0000000746600000, 0x0000000746600000, 0x0000000746700000|  0%| F|  |TAMS 0x0000000746600000, 0x0000000746600000| Untracked 
|  77|0x0000000746700000, 0x0000000746700000, 0x0000000746800000|  0%| F|  |TAMS 0x0000000746700000, 0x0000000746700000| Untracked 
|  78|0x0000000746800000, 0x0000000746800000, 0x0000000746900000|  0%| F|  |TAMS 0x0000000746800000, 0x0000000746800000| Untracked 
|  79|0x0000000746900000, 0x0000000746900000, 0x0000000746a00000|  0%| F|  |TAMS 0x0000000746900000, 0x0000000746900000| Untracked 
|  80|0x0000000746a00000, 0x0000000746a00000, 0x0000000746b00000|  0%| F|  |TAMS 0x0000000746a00000, 0x0000000746a00000| Untracked 
|  81|0x0000000746b00000, 0x0000000746b00000, 0x0000000746c00000|  0%| F|  |TAMS 0x0000000746b00000, 0x0000000746b00000| Untracked 
|  82|0x0000000746c00000, 0x0000000746c00000, 0x0000000746d00000|  0%| F|  |TAMS 0x0000000746c00000, 0x0000000746c00000| Untracked 
|  83|0x0000000746d00000, 0x0000000746d00000, 0x0000000746e00000|  0%| F|  |TAMS 0x0000000746d00000, 0x0000000746d00000| Untracked 
|  84|0x0000000746e00000, 0x0000000746e00000, 0x0000000746f00000|  0%| F|  |TAMS 0x0000000746e00000, 0x0000000746e00000| Untracked 
|  85|0x0000000746f00000, 0x0000000746f00000, 0x0000000747000000|  0%| F|  |TAMS 0x0000000746f00000, 0x0000000746f00000| Untracked 
|  86|0x0000000747000000, 0x0000000747000000, 0x0000000747100000|  0%| F|  |TAMS 0x0000000747000000, 0x0000000747000000| Untracked 
|  87|0x0000000747100000, 0x0000000747100000, 0x0000000747200000|  0%| F|  |TAMS 0x0000000747100000, 0x0000000747100000| Untracked 
|  88|0x0000000747200000, 0x0000000747200000, 0x0000000747300000|  0%| F|  |TAMS 0x0000000747200000, 0x0000000747200000| Untracked 
|  89|0x0000000747300000, 0x0000000747300000, 0x0000000747400000|  0%| F|  |TAMS 0x0000000747300000, 0x0000000747300000| Untracked 
|  90|0x0000000747400000, 0x0000000747400000, 0x0000000747500000|  0%| F|  |TAMS 0x0000000747400000, 0x0000000747400000| Untracked 
|  91|0x0000000747500000, 0x0000000747500000, 0x0000000747600000|  0%| F|  |TAMS 0x0000000747500000, 0x0000000747500000| Untracked 
|  92|0x0000000747600000, 0x0000000747600000, 0x0000000747700000|  0%| F|  |TAMS 0x0000000747600000, 0x0000000747600000| Untracked 
|  93|0x0000000747700000, 0x0000000747700000, 0x0000000747800000|  0%| F|  |TAMS 0x0000000747700000, 0x0000000747700000| Untracked 
|  94|0x0000000747800000, 0x0000000747800000, 0x0000000747900000|  0%| F|  |TAMS 0x0000000747800000, 0x0000000747800000| Untracked 
|  95|0x0000000747900000, 0x0000000747900000, 0x0000000747a00000|  0%| F|  |TAMS 0x0000000747900000, 0x0000000747900000| Untracked 
|  96|0x0000000747a00000, 0x0000000747a00000, 0x0000000747b00000|  0%| F|  |TAMS 0x0000000747a00000, 0x0000000747a00000| Untracked 
|  97|0x0000000747b00000, 0x0000000747b00000, 0x0000000747c00000|  0%| F|  |TAMS 0x0000000747b00000, 0x0000000747b00000| Untracked 
|  98|0x0000000747c00000, 0x0000000747c00000, 0x0000000747d00000|  0%| F|  |TAMS 0x0000000747c00000, 0x0000000747c00000| Untracked 
|  99|0x0000000747d00000, 0x0000000747d00000, 0x0000000747e00000|  0%| F|  |TAMS 0x0000000747d00000, 0x0000000747d00000| Untracked 
| 100|0x0000000747e00000, 0x0000000747e00000, 0x0000000747f00000|  0%| F|  |TAMS 0x0000000747e00000, 0x0000000747e00000| Untracked 
| 101|0x0000000747f00000, 0x0000000747f00000, 0x0000000748000000|  0%| F|  |TAMS 0x0000000747f00000, 0x0000000747f00000| Untracked 
| 102|0x0000000748000000, 0x0000000748000000, 0x0000000748100000|  0%| F|  |TAMS 0x0000000748000000, 0x0000000748000000| Untracked 
| 103|0x0000000748100000, 0x0000000748100000, 0x0000000748200000|  0%| F|  |TAMS 0x0000000748100000, 0x0000000748100000| Untracked 
| 104|0x0000000748200000, 0x0000000748200000, 0x0000000748300000|  0%| F|  |TAMS 0x0000000748200000, 0x0000000748200000| Untracked 
| 105|0x0000000748300000, 0x0000000748300000, 0x0000000748400000|  0%| F|  |TAMS 0x0000000748300000, 0x0000000748300000| Untracked 
| 106|0x0000000748400000, 0x0000000748400000, 0x0000000748500000|  0%| F|  |TAMS 0x0000000748400000, 0x0000000748400000| Untracked 
| 107|0x0000000748500000, 0x0000000748500000, 0x0000000748600000|  0%| F|  |TAMS 0x0000000748500000, 0x0000000748500000| Untracked 
| 108|0x0000000748600000, 0x0000000748600000, 0x0000000748700000|  0%| F|  |TAMS 0x0000000748600000, 0x0000000748600000| Untracked 
| 109|0x0000000748700000, 0x0000000748700000, 0x0000000748800000|  0%| F|  |TAMS 0x0000000748700000, 0x0000000748700000| Untracked 
| 110|0x0000000748800000, 0x0000000748800000, 0x0000000748900000|  0%| F|  |TAMS 0x0000000748800000, 0x0000000748800000| Untracked 
| 111|0x0000000748900000, 0x0000000748900000, 0x0000000748a00000|  0%| F|  |TAMS 0x0000000748900000, 0x0000000748900000| Untracked 
| 112|0x0000000748a00000, 0x0000000748a00000, 0x0000000748b00000|  0%| F|  |TAMS 0x0000000748a00000, 0x0000000748a00000| Untracked 
| 113|0x0000000748b00000, 0x0000000748b00000, 0x0000000748c00000|  0%| F|  |TAMS 0x0000000748b00000, 0x0000000748b00000| Untracked 
| 114|0x0000000748c00000, 0x0000000748c00000, 0x0000000748d00000|  0%| F|  |TAMS 0x0000000748c00000, 0x0000000748c00000| Untracked 
| 115|0x0000000748d00000, 0x0000000748d00000, 0x0000000748e00000|  0%| F|  |TAMS 0x0000000748d00000, 0x0000000748d00000| Untracked 
| 116|0x0000000748e00000, 0x0000000748e00000, 0x0000000748f00000|  0%| F|  |TAMS 0x0000000748e00000, 0x0000000748e00000| Untracked 
| 117|0x0000000748f00000, 0x0000000748f00000, 0x0000000749000000|  0%| F|  |TAMS 0x0000000748f00000, 0x0000000748f00000| Untracked 
| 118|0x0000000749000000, 0x0000000749000000, 0x0000000749100000|  0%| F|  |TAMS 0x0000000749000000, 0x0000000749000000| Untracked 
| 119|0x0000000749100000, 0x0000000749100000, 0x0000000749200000|  0%| F|  |TAMS 0x0000000749100000, 0x0000000749100000| Untracked 
| 120|0x0000000749200000, 0x0000000749200000, 0x0000000749300000|  0%| F|  |TAMS 0x0000000749200000, 0x0000000749200000| Untracked 
| 121|0x0000000749300000, 0x0000000749300000, 0x0000000749400000|  0%| F|  |TAMS 0x0000000749300000, 0x0000000749300000| Untracked 
| 122|0x0000000749400000, 0x0000000749400000, 0x0000000749500000|  0%| F|  |TAMS 0x0000000749400000, 0x0000000749400000| Untracked 
| 123|0x0000000749500000, 0x0000000749500000, 0x0000000749600000|  0%| F|  |TAMS 0x0000000749500000, 0x0000000749500000| Untracked 
| 124|0x0000000749600000, 0x0000000749600000, 0x0000000749700000|  0%| F|  |TAMS 0x0000000749600000, 0x0000000749600000| Untracked 
| 125|0x0000000749700000, 0x0000000749700000, 0x0000000749800000|  0%| F|  |TAMS 0x0000000749700000, 0x0000000749700000| Untracked 
| 126|0x0000000749800000, 0x0000000749800000, 0x0000000749900000|  0%| F|  |TAMS 0x0000000749800000, 0x0000000749800000| Untracked 
| 127|0x0000000749900000, 0x0000000749900000, 0x0000000749a00000|  0%| F|  |TAMS 0x0000000749900000, 0x0000000749900000| Untracked 
| 128|0x0000000749a00000, 0x0000000749a00000, 0x0000000749b00000|  0%| F|  |TAMS 0x0000000749a00000, 0x0000000749a00000| Untracked 
| 129|0x0000000749b00000, 0x0000000749b00000, 0x0000000749c00000|  0%| F|  |TAMS 0x0000000749b00000, 0x0000000749b00000| Untracked 
| 130|0x0000000749c00000, 0x0000000749c00000, 0x0000000749d00000|  0%| F|  |TAMS 0x0000000749c00000, 0x0000000749c00000| Untracked 
| 131|0x0000000749d00000, 0x0000000749d00000, 0x0000000749e00000|  0%| F|  |TAMS 0x0000000749d00000, 0x0000000749d00000| Untracked 
| 132|0x0000000749e00000, 0x0000000749e00000, 0x0000000749f00000|  0%| F|  |TAMS 0x0000000749e00000, 0x0000000749e00000| Untracked 
| 133|0x0000000749f00000, 0x0000000749f00000, 0x000000074a000000|  0%| F|  |TAMS 0x0000000749f00000, 0x0000000749f00000| Untracked 
| 134|0x000000074a000000, 0x000000074a000000, 0x000000074a100000|  0%| F|  |TAMS 0x000000074a000000, 0x000000074a000000| Untracked 
| 135|0x000000074a100000, 0x000000074a100000, 0x000000074a200000|  0%| F|  |TAMS 0x000000074a100000, 0x000000074a100000| Untracked 
| 136|0x000000074a200000, 0x000000074a200000, 0x000000074a300000|  0%| F|  |TAMS 0x000000074a200000, 0x000000074a200000| Untracked 
| 137|0x000000074a300000, 0x000000074a300000, 0x000000074a400000|  0%| F|  |TAMS 0x000000074a300000, 0x000000074a300000| Untracked 
| 138|0x000000074a400000, 0x000000074a400000, 0x000000074a500000|  0%| F|  |TAMS 0x000000074a400000, 0x000000074a400000| Untracked 
| 139|0x000000074a500000, 0x000000074a500000, 0x000000074a600000|  0%| F|  |TAMS 0x000000074a500000, 0x000000074a500000| Untracked 
| 140|0x000000074a600000, 0x000000074a600000, 0x000000074a700000|  0%| F|  |TAMS 0x000000074a600000, 0x000000074a600000| Untracked 
| 141|0x000000074a700000, 0x000000074a700000, 0x000000074a800000|  0%| F|  |TAMS 0x000000074a700000, 0x000000074a700000| Untracked 
| 142|0x000000074a800000, 0x000000074a800000, 0x000000074a900000|  0%| F|  |TAMS 0x000000074a800000, 0x000000074a800000| Untracked 
| 143|0x000000074a900000, 0x000000074a900000, 0x000000074aa00000|  0%| F|  |TAMS 0x000000074a900000, 0x000000074a900000| Untracked 
| 144|0x000000074aa00000, 0x000000074aa00000, 0x000000074ab00000|  0%| F|  |TAMS 0x000000074aa00000, 0x000000074aa00000| Untracked 
| 145|0x000000074ab00000, 0x000000074ab00000, 0x000000074ac00000|  0%| F|  |TAMS 0x000000074ab00000, 0x000000074ab00000| Untracked 
| 146|0x000000074ac00000, 0x000000074ac00000, 0x000000074ad00000|  0%| F|  |TAMS 0x000000074ac00000, 0x000000074ac00000| Untracked 
| 147|0x000000074ad00000, 0x000000074ad00000, 0x000000074ae00000|  0%| F|  |TAMS 0x000000074ad00000, 0x000000074ad00000| Untracked 
| 148|0x000000074ae00000, 0x000000074ae00000, 0x000000074af00000|  0%| F|  |TAMS 0x000000074ae00000, 0x000000074ae00000| Untracked 
| 149|0x000000074af00000, 0x000000074af00000, 0x000000074b000000|  0%| F|  |TAMS 0x000000074af00000, 0x000000074af00000| Untracked 
| 150|0x000000074b000000, 0x000000074b000000, 0x000000074b100000|  0%| F|  |TAMS 0x000000074b000000, 0x000000074b000000| Untracked 
| 151|0x000000074b100000, 0x000000074b100000, 0x000000074b200000|  0%| F|  |TAMS 0x000000074b100000, 0x000000074b100000| Untracked 
| 152|0x000000074b200000, 0x000000074b200000, 0x000000074b300000|  0%| F|  |TAMS 0x000000074b200000, 0x000000074b200000| Untracked 
| 153|0x000000074b300000, 0x000000074b300000, 0x000000074b400000|  0%| F|  |TAMS 0x000000074b300000, 0x000000074b300000| Untracked 
| 154|0x000000074b400000, 0x000000074b400000, 0x000000074b500000|  0%| F|  |TAMS 0x000000074b400000, 0x000000074b400000| Untracked 
| 155|0x000000074b500000, 0x000000074b500000, 0x000000074b600000|  0%| F|  |TAMS 0x000000074b500000, 0x000000074b500000| Untracked 
| 156|0x000000074b600000, 0x000000074b600000, 0x000000074b700000|  0%| F|  |TAMS 0x000000074b600000, 0x000000074b600000| Untracked 
| 157|0x000000074b700000, 0x000000074b700000, 0x000000074b800000|  0%| F|  |TAMS 0x000000074b700000, 0x000000074b700000| Untracked 
| 158|0x000000074b800000, 0x000000074b800000, 0x000000074b900000|  0%| F|  |TAMS 0x000000074b800000, 0x000000074b800000| Untracked 
| 159|0x000000074b900000, 0x000000074b900000, 0x000000074ba00000|  0%| F|  |TAMS 0x000000074b900000, 0x000000074b900000| Untracked 
| 160|0x000000074ba00000, 0x000000074ba00000, 0x000000074bb00000|  0%| F|  |TAMS 0x000000074ba00000, 0x000000074ba00000| Untracked 
| 161|0x000000074bb00000, 0x000000074bb00000, 0x000000074bc00000|  0%| F|  |TAMS 0x000000074bb00000, 0x000000074bb00000| Untracked 
| 162|0x000000074bc00000, 0x000000074bc00000, 0x000000074bd00000|  0%| F|  |TAMS 0x000000074bc00000, 0x000000074bc00000| Untracked 
| 163|0x000000074bd00000, 0x000000074bd00000, 0x000000074be00000|  0%| F|  |TAMS 0x000000074bd00000, 0x000000074bd00000| Untracked 
| 164|0x000000074be00000, 0x000000074be00000, 0x000000074bf00000|  0%| F|  |TAMS 0x000000074be00000, 0x000000074be00000| Untracked 
| 165|0x000000074bf00000, 0x000000074bf00000, 0x000000074c000000|  0%| F|  |TAMS 0x000000074bf00000, 0x000000074bf00000| Untracked 
| 166|0x000000074c000000, 0x000000074c000000, 0x000000074c100000|  0%| F|  |TAMS 0x000000074c000000, 0x000000074c000000| Untracked 
| 167|0x000000074c100000, 0x000000074c100000, 0x000000074c200000|  0%| F|  |TAMS 0x000000074c100000, 0x000000074c100000| Untracked 
| 168|0x000000074c200000, 0x000000074c200000, 0x000000074c300000|  0%| F|  |TAMS 0x000000074c200000, 0x000000074c200000| Untracked 
| 169|0x000000074c300000, 0x000000074c300000, 0x000000074c400000|  0%| F|  |TAMS 0x000000074c300000, 0x000000074c300000| Untracked 
| 170|0x000000074c400000, 0x000000074c400000, 0x000000074c500000|  0%| F|  |TAMS 0x000000074c400000, 0x000000074c400000| Untracked 
| 171|0x000000074c500000, 0x000000074c500000, 0x000000074c600000|  0%| F|  |TAMS 0x000000074c500000, 0x000000074c500000| Untracked 
| 172|0x000000074c600000, 0x000000074c600000, 0x000000074c700000|  0%| F|  |TAMS 0x000000074c600000, 0x000000074c600000| Untracked 
| 173|0x000000074c700000, 0x000000074c700000, 0x000000074c800000|  0%| F|  |TAMS 0x000000074c700000, 0x000000074c700000| Untracked 
| 174|0x000000074c800000, 0x000000074c800000, 0x000000074c900000|  0%| F|  |TAMS 0x000000074c800000, 0x000000074c800000| Untracked 
| 175|0x000000074c900000, 0x000000074c900000, 0x000000074ca00000|  0%| F|  |TAMS 0x000000074c900000, 0x000000074c900000| Untracked 
| 176|0x000000074ca00000, 0x000000074ca00000, 0x000000074cb00000|  0%| F|  |TAMS 0x000000074ca00000, 0x000000074ca00000| Untracked 
| 177|0x000000074cb00000, 0x000000074cb00000, 0x000000074cc00000|  0%| F|  |TAMS 0x000000074cb00000, 0x000000074cb00000| Untracked 
| 178|0x000000074cc00000, 0x000000074cc00000, 0x000000074cd00000|  0%| F|  |TAMS 0x000000074cc00000, 0x000000074cc00000| Untracked 
| 179|0x000000074cd00000, 0x000000074cd00000, 0x000000074ce00000|  0%| F|  |TAMS 0x000000074cd00000, 0x000000074cd00000| Untracked 
| 180|0x000000074ce00000, 0x000000074ce00000, 0x000000074cf00000|  0%| F|  |TAMS 0x000000074ce00000, 0x000000074ce00000| Untracked 
| 181|0x000000074cf00000, 0x000000074cf00000, 0x000000074d000000|  0%| F|  |TAMS 0x000000074cf00000, 0x000000074cf00000| Untracked 
| 182|0x000000074d000000, 0x000000074d000000, 0x000000074d100000|  0%| F|  |TAMS 0x000000074d000000, 0x000000074d000000| Untracked 
| 183|0x000000074d100000, 0x000000074d100000, 0x000000074d200000|  0%| F|  |TAMS 0x000000074d100000, 0x000000074d100000| Untracked 
| 184|0x000000074d200000, 0x000000074d24a650, 0x000000074d300000| 29%| S|CS|TAMS 0x000000074d200000, 0x000000074d200000| Complete 
| 185|0x000000074d300000, 0x000000074d300000, 0x000000074d400000|  0%| F|  |TAMS 0x000000074d300000, 0x000000074d300000| Untracked 
| 186|0x000000074d400000, 0x000000074d400000, 0x000000074d500000|  0%| F|  |TAMS 0x000000074d400000, 0x000000074d400000| Untracked 
| 187|0x000000074d500000, 0x000000074d500000, 0x000000074d600000|  0%| F|  |TAMS 0x000000074d500000, 0x000000074d500000| Untracked 
| 188|0x000000074d600000, 0x000000074d600000, 0x000000074d700000|  0%| F|  |TAMS 0x000000074d600000, 0x000000074d600000| Untracked 
| 189|0x000000074d700000, 0x000000074d700000, 0x000000074d800000|  0%| F|  |TAMS 0x000000074d700000, 0x000000074d700000| Untracked 
| 190|0x000000074d800000, 0x000000074d870218, 0x000000074d900000| 43%| E|  |TAMS 0x000000074d800000, 0x000000074d800000| Complete 
| 191|0x000000074d900000, 0x000000074da00000, 0x000000074da00000|100%| E|CS|TAMS 0x000000074d900000, 0x000000074d900000| Complete 

Card table byte_map: [0x000001659a870000,0x000001659ae70000] _byte_map_base: 0x0000016596e63000

Marking Bits (Prev, Next): (CMBitMap*) 0x0000016580d775f8, (CMBitMap*) 0x0000016580d77638
 Prev Bits: [0x000001659b470000, 0x000001659e408000)
 Next Bits: [0x000001659e410000, 0x00000165a13a8000)

Polling page: 0x0000016580dd0000

Metaspace:

Usage:
  Non-class:      5.67 MB capacity,     5.50 MB ( 97%) used,   159.53 KB (  3%) free+waste,    14.44 KB ( <1%) overhead. 
      Class:    781.00 KB capacity,   694.63 KB ( 89%) used,    77.69 KB ( 10%) free+waste,     8.69 KB (  1%) overhead. 
       Both:      6.43 MB capacity,     6.18 MB ( 96%) used,   237.22 KB (  4%) free+waste,    23.13 KB ( <1%) overhead. 

Virtual space:
  Non-class space:        8.00 MB reserved,       5.75 MB ( 72%) committed 
      Class space:        1.00 GB reserved,     896.00 KB ( <1%) committed 
             Both:        1.01 GB reserved,       6.63 MB ( <1%) committed 

Chunk freelists:
   Non-Class:  19.00 KB
       Class:  19.00 KB
        Both:  38.00 KB

MaxMetaspaceSize: 17179869184.00 GB
CompressedClassSpaceSize: 1.00 GB

CodeHeap 'non-profiled nmethods': size=120000Kb used=340Kb max_used=340Kb free=119659Kb
 bounds [0x00000165924d0000, 0x0000016592740000, 0x0000016599a00000]
CodeHeap 'profiled nmethods': size=120000Kb used=2140Kb max_used=2140Kb free=117859Kb
 bounds [0x000001658afa0000, 0x000001658b210000, 0x00000165924d0000]
CodeHeap 'non-nmethods': size=5760Kb used=1195Kb max_used=1211Kb free=4564Kb
 bounds [0x000001658aa00000, 0x000001658ac70000, 0x000001658afa0000]
 total_blobs=2007 nmethods=1059 adapters=363
 compilation: enabled
              stopped_count=0, restarted_count=0
 full_count=0

Compilation events (20 events):
Event: 3.662 Thread 0x00000165a43b8000 nmethod 1050 0x000001658b1b1f10 code [0x000001658b1b20e0, 0x000001658b1b2420]
Event: 3.663 Thread 0x00000165a43b8000 1051   !   3       java.util.zip.Inflater::needsInput (55 bytes)
Event: 3.663 Thread 0x00000165a43b8000 nmethod 1051 0x000001658b1b2510 code [0x000001658b1b26e0, 0x000001658b1b2bf8]
Event: 3.665 Thread 0x00000165a43b8000 1052       3       jdk.internal.loader.ClassLoaders$AppClassLoader::loadClass (40 bytes)
Event: 3.665 Thread 0x00000165a43b8000 nmethod 1052 0x000001658b1b2d10 code [0x000001658b1b2f60, 0x000001658b1b3940]
Event: 3.667 Thread 0x00000165a43b8000 1053       3       jdk.internal.misc.Unsafe::checkPrimitivePointer (19 bytes)
Event: 3.668 Thread 0x00000165a43b8000 nmethod 1053 0x000001658b1b3c90 code [0x000001658b1b3ea0, 0x000001658b1b4550]
Event: 3.668 Thread 0x00000165a43b8000 1054       3       jdk.internal.jimage.BasicImageReader::getAttributes (49 bytes)
Event: 3.669 Thread 0x00000165a43b8000 nmethod 1054 0x000001658b1b4810 code [0x000001658b1b4a20, 0x000001658b1b51f0]
Event: 3.669 Thread 0x00000165a43b8000 1055       3       jdk.internal.jimage.ImageLocation::verify (50 bytes)
Event: 3.669 Thread 0x00000165a43b8000 nmethod 1055 0x000001658b1b5410 code [0x000001658b1b5640, 0x000001658b1b5e30]
Event: 3.729 Thread 0x00000165a43b6800 1056       4       java.lang.StringBuilder::toString (35 bytes)
Event: 3.735 Thread 0x00000165a43b6800 nmethod 1056 0x0000016592524a10 code [0x0000016592524ba0, 0x0000016592524fd8]
Event: 3.735 Thread 0x00000165a43b6800 1057       4       java.io.WinNTFileSystem::normalize (143 bytes)
Event: 3.746 Thread 0x00000165a43b8000 1058       3       java.io.Bits::getInt (43 bytes)
Event: 3.746 Thread 0x00000165a43b8000 nmethod 1058 0x000001658b1b6210 code [0x000001658b1b63c0, 0x000001658b1b65b8]
Event: 3.746 Thread 0x00000165a43b8000 1059       3       java.io.ObjectInputStream::readInt (8 bytes)
Event: 3.746 Thread 0x00000165a43b8000 nmethod 1059 0x000001658b1b6710 code [0x000001658b1b68c0, 0x000001658b1b6a90]
Event: 3.746 Thread 0x00000165a43b8000 1060       3       java.io.ObjectInputStream$BlockDataInputStream::readInt (73 bytes)
Event: 3.746 Thread 0x00000165a43b8000 nmethod 1060 0x000001658b1b6b90 code [0x000001658b1b6d60, 0x000001658b1b7090]

GC Heap History (4 events):
Event: 2.955 GC heap before
{Heap before GC invocations=0 (full 0):
 garbage-first heap   total 196608K, used 17408K [0x0000000741a00000, 0x0000000800000000)
  region size 1024K, 14 young (14336K), 0 survivors (0K)
 Metaspace       used 5131K, capacity 5400K, committed 5632K, reserved 1056768K
  class space    used 547K, capacity 641K, committed 768K, reserved 1048576K
}
Event: 2.967 GC heap after
{Heap after GC invocations=1 (full 0):
 garbage-first heap   total 196608K, used 10817K [0x0000000741a00000, 0x0000000800000000)
  region size 1024K, 2 young (2048K), 2 survivors (2048K)
 Metaspace       used 5131K, capacity 5400K, committed 5632K, reserved 1056768K
  class space    used 547K, capacity 641K, committed 768K, reserved 1048576K
}
Event: 3.709 GC heap before
{Heap before GC invocations=1 (full 0):
 garbage-first heap   total 196608K, used 17985K [0x0000000741a00000, 0x0000000800000000)
  region size 1024K, 9 young (9216K), 2 survivors (2048K)
 Metaspace       used 6188K, capacity 6394K, committed 6528K, reserved 1056768K
  class space    used 680K, capacity 781K, committed 896K, reserved 1048576K
}
Event: 3.711 GC heap after
{Heap after GC invocations=2 (full 0):
 garbage-first heap   total 196608K, used 11203K [0x0000000741a00000, 0x0000000800000000)
  region size 1024K, 1 young (1024K), 1 survivors (1024K)
 Metaspace       used 6188K, capacity 6394K, committed 6528K, reserved 1056768K
  class space    used 680K, capacity 781K, committed 896K, reserved 1048576K
}

Deoptimization events (20 events):
Event: 0.682 Thread 0x0000016580d1d800 DEOPT PACKING pc=0x000001658b00adf4 sp=0x000000416f7fe420
Event: 0.682 Thread 0x0000016580d1d800 DEOPT UNPACKING pc=0x000001658aa4964e sp=0x000000416f7fd890 mode 0
Event: 0.687 Thread 0x0000016580d1d800 Uncommon trap: trap_request=0xffffff45 fr.pc=0x00000165924e4c10 relative=0x0000000000000070
Event: 0.687 Thread 0x0000016580d1d800 Uncommon trap: reason=unstable_if action=reinterpret pc=0x00000165924e4c10 method=java.io.WinNTFileSystem.isSlash(C)Z @ 9 c2
Event: 0.687 Thread 0x0000016580d1d800 DEOPT PACKING pc=0x00000165924e4c10 sp=0x000000416f7fe420
Event: 0.687 Thread 0x0000016580d1d800 DEOPT UNPACKING pc=0x000001658aa4912f sp=0x000000416f7fe3a8 mode 2
Event: 0.705 Thread 0x0000016580d1d800 DEOPT PACKING pc=0x000001658b03bdb2 sp=0x000000416f7fe4c0
Event: 0.705 Thread 0x0000016580d1d800 DEOPT UNPACKING pc=0x000001658aa4964e sp=0x000000416f7fd928 mode 0
Event: 2.788 Thread 0x0000016580d1d800 Uncommon trap: trap_request=0xffffff45 fr.pc=0x00000165924d10a4 relative=0x0000000000000084
Event: 2.788 Thread 0x0000016580d1d800 Uncommon trap: reason=unstable_if action=reinterpret pc=0x00000165924d10a4 method=java.lang.String.isLatin1()Z @ 10 c2
Event: 2.788 Thread 0x0000016580d1d800 DEOPT PACKING pc=0x00000165924d10a4 sp=0x000000416f7ff160
Event: 2.788 Thread 0x0000016580d1d800 DEOPT UNPACKING pc=0x000001658aa4912f sp=0x000000416f7ff0a0 mode 2
Event: 3.067 Thread 0x0000016580d1d800 DEOPT PACKING pc=0x000001658afad1bb sp=0x000000416f7fc5c0
Event: 3.067 Thread 0x0000016580d1d800 DEOPT UNPACKING pc=0x000001658aa4964e sp=0x000000416f7fba38 mode 0
Event: 3.306 Thread 0x0000016580d1d800 DEOPT PACKING pc=0x000001658afaf65f sp=0x000000416f7fc370
Event: 3.306 Thread 0x0000016580d1d800 DEOPT UNPACKING pc=0x000001658aa4964e sp=0x000000416f7fb7c0 mode 0
Event: 3.314 Thread 0x0000016580d1d800 Uncommon trap: trap_request=0xffffff45 fr.pc=0x000001659251f58c relative=0x00000000000002ec
Event: 3.314 Thread 0x0000016580d1d800 Uncommon trap: reason=unstable_if action=reinterpret pc=0x000001659251f58c method=java.io.BufferedReader.read()I @ 19 c2
Event: 3.314 Thread 0x0000016580d1d800 DEOPT PACKING pc=0x000001659251f58c sp=0x000000416f7fc1d0
Event: 3.315 Thread 0x0000016580d1d800 DEOPT UNPACKING pc=0x000001658aa4912f sp=0x000000416f7fc110 mode 2

Classes unloaded (0 events):
No events

Classes redefined (0 events):
No events

Internal exceptions (8 events):
Event: 1.042 Thread 0x0000016580d1d800 Exception <a 'java/lang/NoSuchMethodError'{0x000000074d2713d8}: 'java.lang.Object java.lang.invoke.DirectMethodHandle$Holder.invokeStaticInit(java.lang.Object, java.lang.Object, java.lang.Object)'> (0x000000074d2713d8) 
thrown [t:/workspace/open/src/hotspot/share/interpreter/linkResolver.cpp, line 767]
Event: 1.068 Thread 0x0000016580d1d800 Exception <a 'java/lang/NoSuchMethodError'{0x000000074d1f0640}: 'int java.lang.invoke.DirectMethodHandle$Holder.invokeInterface(java.lang.Object, java.lang.Object)'> (0x000000074d1f0640) 
thrown [t:/workspace/open/src/hotspot/share/interpreter/linkResolver.cpp, line 767]
Event: 1.068 Thread 0x0000016580d1d800 Exception <a 'java/lang/IncompatibleClassChangeError'{0x000000074d1f3148}: Found class java.lang.Object, but interface was expected> (0x000000074d1f3148) 
thrown [t:/workspace/open/src/hotspot/share/interpreter/linkResolver.cpp, line 833]
Event: 1.338 Thread 0x00000165a476e000 Exception <a 'java/lang/VerifyError'{0x000000074d154c50}: Stack map does not match the one at exception handler 21
Exception Details:
  Location:
    org/netbeans/lib/profiler/ConstructorTest.<init>()V @21: astore_1
  Reason:
    Current frame's flags are not assignable to stack map frame's.
  Current Frame:
    bci: @0
    flags: { flagThisUninit }
    locals: { uninitializedThis }
    stack: { 'java/lang/Throwable' }
  Stackmap Frame:
    bci: @21
    flags: { }
    locals: { top }
    stack: { 'java/lan
Event: 1.683 Thread 0x00000165a476e000 Exception <a 'java/lang/NoSuchMethodError'{0x000000074d181ab0}: 'java.lang.Object java.lang.invoke.DirectMethodHandle$Holder.invokeStaticInit(java.lang.Object, int, int, int, int)'> (0x000000074d181ab0) 
thrown [t:/workspace/open/src/hotspot/share/interpreter/linkResolver.cpp, line 767]
Event: 2.646 Thread 0x00000165a476e000 Exception <a 'java/lang/NoSuchMethodError'{0x000000074ce97af8}: 'java.lang.Object java.lang.invoke.DirectMethodHandle$Holder.invokeStaticInit(java.lang.Object, java.lang.Object, int, int, int, int)'> (0x000000074ce97af8) 
thrown [t:/workspace/open/src/hotspot/share/interpreter/linkResolver.cpp, line 767]
Event: 3.305 Thread 0x0000016580d1d800 Exception <a 'java/lang/ClassNotFoundException'{0x000000074d8d83e8}: javax/smartcardio/CardPermission> (0x000000074d8d83e8) 
thrown [t:/workspace/open/src/hotspot/share/classfile/systemDictionary.cpp, line 232]
Event: 3.330 Thread 0x0000016580d1d800 Exception <a 'java/io/FileNotFoundException'{0x000000074d8e6678}> (0x000000074d8e6678) 
thrown [t:/workspace/open/src/hotspot/share/prims/jni.cpp, line 598]

Events (20 events):
Event: 3.731 loading class org/apache/xerces/xni/grammars/XMLGrammarLoader done
Event: 3.732 loading class org/apache/xerces/xni/parser/XMLDocumentScanner
Event: 3.732 loading class org/apache/xerces/xni/parser/XMLDocumentScanner done
Event: 3.732 loading class org/apache/xerces/impl/dtd/XMLDTDValidatorFilter
Event: 3.732 loading class org/apache/xerces/impl/dtd/XMLDTDValidatorFilter done
Event: 3.733 loading class org/apache/xerces/impl/XMLDocumentFragmentScannerImpl
Event: 3.733 loading class org/apache/xerces/impl/XMLDocumentFragmentScannerImpl done
Event: 3.734 Executing VM operation: HandshakeAllThreads
Event: 3.734 Executing VM operation: HandshakeAllThreads done
Event: 3.736 loading class org/apache/xerces/impl/XML11NSDocumentScannerImpl
Event: 3.736 loading class org/apache/xerces/impl/XML11NSDocumentScannerImpl done
Event: 3.736 Executing VM operation: GetAllStackTraces
Event: 3.737 loading class org/netbeans/lib/profiler/wireprotocol/GetMethodNamesForJMethodIdsCommand
Event: 3.737 Executing VM operation: GetAllStackTraces done
Event: 3.737 loading class org/apache/xerces/impl/XML11DocumentScannerImpl
Event: 3.745 loading class org/apache/xerces/impl/XML11DocumentScannerImpl done
Event: 3.745 loading class org/netbeans/lib/profiler/wireprotocol/GetMethodNamesForJMethodIdsCommand done
Event: 3.746 loading class org/apache/xerces/impl/XMLDocumentScannerImpl
Event: 3.746 loading class org/apache/xerces/impl/XMLDocumentScannerImpl done
Event: 3.747 Executing VM operation: GetAllStackTraces


Dynamic libraries:
0x00007ff7d1080000 - 0x00007ff7d108f000 	C:\Program Files\Java\jdk-13.0.2\bin\java.exe
0x00007ffe708a0000 - 0x00007ffe70a90000 	C:\WINDOWS\SYSTEM32\ntdll.dll
0x00007ffe6fe00000 - 0x00007ffe6feb2000 	C:\WINDOWS\System32\KERNEL32.DLL
0x00007ffe6dcf0000 - 0x00007ffe6df93000 	C:\WINDOWS\System32\KERNELBASE.dll
0x00007ffe6dbf0000 - 0x00007ffe6dcea000 	C:\WINDOWS\System32\ucrtbase.dll
0x00007ffe6a370000 - 0x00007ffe6a385000 	C:\Program Files\Java\jdk-13.0.2\bin\VCRUNTIME140.dll
0x00007ffe51d40000 - 0x00007ffe51d58000 	C:\Program Files\Java\jdk-13.0.2\bin\jli.dll
0x00007ffe70760000 - 0x00007ffe70803000 	C:\WINDOWS\System32\ADVAPI32.dll
0x00007ffe706c0000 - 0x00007ffe7075e000 	C:\WINDOWS\System32\msvcrt.dll
0x00007ffe6e920000 - 0x00007ffe6e9b7000 	C:\WINDOWS\System32\sechost.dll
0x00007ffe70250000 - 0x00007ffe70370000 	C:\WINDOWS\System32\RPCRT4.dll
0x00007ffe6f4d0000 - 0x00007ffe6f664000 	C:\WINDOWS\System32\USER32.dll
0x00007ffe6dfa0000 - 0x00007ffe6dfc1000 	C:\WINDOWS\System32\win32u.dll
0x00007ffe70220000 - 0x00007ffe70246000 	C:\WINDOWS\System32\GDI32.dll
0x00007ffe6d950000 - 0x00007ffe6dae4000 	C:\WINDOWS\System32\gdi32full.dll
0x00007ffe6daf0000 - 0x00007ffe6db8e000 	C:\WINDOWS\System32\msvcp_win.dll
0x00007ffe61350000 - 0x00007ffe615d5000 	C:\WINDOWS\WinSxS\amd64_microsoft.windows.common-controls_6595b64144ccf1df_6.0.18362.418_none_e6c6b287130d565d\COMCTL32.dll
0x00007ffe70380000 - 0x00007ffe706b6000 	C:\WINDOWS\System32\combase.dll
0x00007ffe6e8a0000 - 0x00007ffe6e920000 	C:\WINDOWS\System32\bcryptPrimitives.dll
0x00007ffe69a60000 - 0x00007ffe69a6a000 	C:\WINDOWS\SYSTEM32\VERSION.dll
0x00007ffe6fdd0000 - 0x00007ffe6fdfe000 	C:\WINDOWS\System32\IMM32.DLL
0x00007ffe3be70000 - 0x00007ffe3bf0b000 	C:\Program Files\Java\jdk-13.0.2\bin\msvcp140.dll
0x00007ffe11d80000 - 0x00007ffe128dd000 	C:\Program Files\Java\jdk-13.0.2\bin\server\jvm.dll
0x00007ffe6e9c0000 - 0x00007ffe6e9c8000 	C:\WINDOWS\System32\PSAPI.DLL
0x00007ffe48c40000 - 0x00007ffe48c49000 	C:\WINDOWS\SYSTEM32\WSOCK32.dll
0x00007ffe6fd60000 - 0x00007ffe6fdcf000 	C:\WINDOWS\System32\WS2_32.dll
0x00007ffe695c0000 - 0x00007ffe695e4000 	C:\WINDOWS\SYSTEM32\WINMM.dll
0x00007ffe69590000 - 0x00007ffe695bd000 	C:\WINDOWS\SYSTEM32\winmmbase.dll
0x00007ffe6d900000 - 0x00007ffe6d94a000 	C:\WINDOWS\System32\cfgmgr32.dll
0x00007ffe6d770000 - 0x00007ffe6d781000 	C:\WINDOWS\System32\kernel.appcore.dll
0x00007ffe6a360000 - 0x00007ffe6a370000 	C:\Program Files\Java\jdk-13.0.2\bin\verify.dll
0x00007ffe5ab50000 - 0x00007ffe5ad44000 	C:\WINDOWS\SYSTEM32\DBGHELP.DLL
0x00007ffe5ab20000 - 0x00007ffe5ab4a000 	C:\WINDOWS\SYSTEM32\dbgcore.DLL
0x00007ffe605f0000 - 0x00007ffe60616000 	C:\Program Files\Java\jdk-13.0.2\bin\java.dll
0x00007ffe606f0000 - 0x00007ffe606ff000 	C:\Program Files\NetBeans-11.3\netbeans\profiler\lib\deployed\jdk16\windows-amd64\profilerinterface.dll
0x00007ffe605d0000 - 0x00007ffe605e7000 	C:\Program Files\Java\jdk-13.0.2\bin\zip.dll
0x00007ffe69e90000 - 0x00007ffe69e9a000 	C:\Program Files\Java\jdk-13.0.2\bin\jimage.dll
0x00007ffe6eae0000 - 0x00007ffe6f1c5000 	C:\WINDOWS\System32\SHELL32.dll
0x00007ffe6ea30000 - 0x00007ffe6ead9000 	C:\WINDOWS\System32\shcore.dll
0x00007ffe6e120000 - 0x00007ffe6e89f000 	C:\WINDOWS\System32\windows.storage.dll
0x00007ffe6d790000 - 0x00007ffe6d7af000 	C:\WINDOWS\System32\profapi.dll
0x00007ffe6d7b0000 - 0x00007ffe6d7fa000 	C:\WINDOWS\System32\powrprof.dll
0x00007ffe6d740000 - 0x00007ffe6d750000 	C:\WINDOWS\System32\UMPDC.dll
0x00007ffe6f6d0000 - 0x00007ffe6f722000 	C:\WINDOWS\System32\shlwapi.dll
0x00007ffe6d830000 - 0x00007ffe6d847000 	C:\WINDOWS\System32\cryptsp.dll
0x00007ffe51910000 - 0x00007ffe51929000 	C:\Program Files\Java\jdk-13.0.2\bin\net.dll
0x00007ffe69a90000 - 0x00007ffe69b80000 	C:\WINDOWS\SYSTEM32\WINHTTP.dll
0x00007ffe6cfb0000 - 0x00007ffe6d017000 	C:\WINDOWS\system32\mswsock.dll
0x00007ffe518f0000 - 0x00007ffe51903000 	C:\Program Files\Java\jdk-13.0.2\bin\nio.dll
0x00007ffe69bd0000 - 0x00007ffe69bd9000 	C:\Program Files\Java\jdk-13.0.2\bin\management.dll
0x00007ffe678d0000 - 0x00007ffe678db000 	C:\Program Files\Java\jdk-13.0.2\bin\management_ext.dll
0x00007ffe6cb20000 - 0x00007ffe6cb53000 	C:\WINDOWS\system32\rsaenh.dll
0x00007ffe6d800000 - 0x00007ffe6d826000 	C:\WINDOWS\System32\bcrypt.dll
0x00007ffe6d660000 - 0x00007ffe6d685000 	C:\WINDOWS\SYSTEM32\USERENV.dll
0x00007ffe6d180000 - 0x00007ffe6d18c000 	C:\WINDOWS\SYSTEM32\CRYPTBASE.dll
0x00007ffe6ccc0000 - 0x00007ffe6ccfa000 	C:\WINDOWS\SYSTEM32\IPHLPAPI.DLL
0x00007ffe70370000 - 0x00007ffe70378000 	C:\WINDOWS\System32\NSI.dll
0x00007ffe67ec0000 - 0x00007ffe67ed6000 	C:\WINDOWS\SYSTEM32\dhcpcsvc6.DLL
0x00007ffe67f90000 - 0x00007ffe67fac000 	C:\WINDOWS\SYSTEM32\dhcpcsvc.DLL
0x00007ffe6cd00000 - 0x00007ffe6cdca000 	C:\WINDOWS\SYSTEM32\DNSAPI.dll

dbghelp: loaded successfully - version: 4.0.5 - missing functions: none
symbol engine: initialized successfully - sym options: 0x614 - pdb path: .;C:\Program Files\Java\jdk-13.0.2\bin;C:\WINDOWS\SYSTEM32;C:\WINDOWS\WinSxS\amd64_microsoft.windows.common-controls_6595b64144ccf1df_6.0.18362.418_none_e6c6b287130d565d;C:\Program Files\Java\jdk-13.0.2\bin\server;C:\Program Files\NetBeans-11.3\netbeans\profiler\lib\deployed\jdk16\windows-amd64

VM Arguments:
jvm_args: -agentpath:C:/Program Files/NetBeans-11.3/netbeans/profiler/lib/deployed/jdk16/windows-amd64/profilerinterface.dll=C:\Program Files\NetBeans-11.3\netbeans\profiler\lib,5140,10 -XX:+HeapDumpOnOutOfMemoryError -XX:HeapDumpPath=C:\Users\Gaming\AppData\Local\NetBeans\Cache\11.3\mavencachedirs\2111395089\org-netbeans-modules-profiler 
java_command: com.example.mymovies.MyMoviesApplication
java_class_path (initial): D:\SEM8\Software Construction\Project 2\MyMovies\target\classes;C:\Users\Gaming\.m2\repository\org\springframework\boot\spring-boot-starter-data-jpa\2.2.6.RELEASE\spring-boot-starter-data-jpa-2.2.6.RELEASE.jar;C:\Users\Gaming\.m2\repository\org\springframework\boot\spring-boot-starter-aop\2.2.6.RELEASE\spring-boot-starter-aop-2.2.6.RELEASE.jar;C:\Users\Gaming\.m2\repository\org\aspectj\aspectjweaver\1.9.5\aspectjweaver-1.9.5.jar;C:\Users\Gaming\.m2\repository\org\springframework\boot\spring-boot-starter-jdbc\2.2.6.RELEASE\spring-boot-starter-jdbc-2.2.6.RELEASE.jar;C:\Users\Gaming\.m2\repository\com\zaxxer\HikariCP\3.4.2\HikariCP-3.4.2.jar;C:\Users\Gaming\.m2\repository\org\springframework\spring-jdbc\5.2.5.RELEASE\spring-jdbc-5.2.5.RELEASE.jar;C:\Users\Gaming\.m2\repository\jakarta\activation\jakarta.activation-api\1.2.2\jakarta.activation-api-1.2.2.jar;C:\Users\Gaming\.m2\repository\jakarta\persistence\jakarta.persistence-api\2.2.3\jakarta.persistence-api-2.2.3.jar;C:\Users\Gaming\.m2\repository\jakarta\transaction\jakarta.transaction-api\1.3.3\jakarta.transaction-api-1.3.3.jar;C:\Users\Gaming\.m2\repository\org\hibernate\hibernate-core\5.4.12.Final\hibernate-core-5.4.12.Final.jar;C:\Users\Gaming\.m2\repository\org\jboss\logging\jboss-logging\3.4.1.Final\jboss-logging-3.4.1.Final.jar;C:\Users\Gaming\.m2\repository\org\javassist\javassist\3.24.0-GA\javassist-3.24.0-GA.jar;C:\Users\Gaming\.m2\repository\net\bytebuddy\byte-buddy\1.10.8\byte-buddy-1.10.8.jar;C:\Users\Gaming\.m2\repository\antlr\antlr\2.7.7\antlr-2.7.7.jar;C:\Users\Gaming\.m2\repository\org\jboss\jandex\2.1.1.Final\jandex-2.1.1.Final.jar;C:\Users\Gaming\.m2\repository\com\fasterxml\classmate\1.5.1\classmate-1.5.1.jar;C:\Users\Gaming\.m2\repository\org\dom4j\dom4j\2.1.1\dom4j-2.1.1.jar;C:\Users\Gaming\.m2\repository\org\hibernate\common\hibernate-commons-annotations\5.1.0.Final\hibernate-commons-annotations-5.1.0.Final.jar;C:\Users\Gaming\.m2\repository\org\glassfish\jaxb\jax
Launcher Type: SUN_STANDARD

[Global flags]
     intx CICompilerCount                          = 3                                         {product} {ergonomic}
     uint ConcGCThreads                            = 1                                         {product} {ergonomic}
     uint G1ConcRefinementThreads                  = 5                                         {product} {ergonomic}
   size_t G1HeapRegionSize                         = 1048576                                   {product} {ergonomic}
    uintx GCDrainStackTargetSize                   = 64                                        {product} {ergonomic}
     bool HeapDumpOnOutOfMemoryError               = true                                   {manageable} {command line}
    ccstr HeapDumpPath                             = C:\Users\Gaming\AppData\Local\NetBeans\Cache\11.3\mavencachedirs\2111395089\org-netbeans-modules-profiler         {manageable} {command line}
   size_t InitialHeapSize                          = 201326592                                 {product} {ergonomic}
   size_t MarkStackSize                            = 4194304                                   {product} {ergonomic}
   size_t MaxHeapSize                              = 3193962496                                {product} {ergonomic}
   size_t MaxNewSize                               = 1915748352                                {product} {ergonomic}
   size_t MinHeapDeltaBytes                        = 1048576                                   {product} {ergonomic}
   size_t MinHeapSize                              = 8388608                                   {product} {ergonomic}
    uintx NonNMethodCodeHeapSize                   = 5832780                                {pd product} {ergonomic}
    uintx NonProfiledCodeHeapSize                  = 122912730                              {pd product} {ergonomic}
    uintx ProfiledCodeHeapSize                     = 122912730                              {pd product} {ergonomic}
    uintx ReservedCodeCacheSize                    = 251658240                              {pd product} {ergonomic}
     bool SegmentedCodeCache                       = true                                      {product} {ergonomic}
   size_t SoftMaxHeapSize                          = 3193962496                             {manageable} {ergonomic}
     bool UseCompressedClassPointers               = true                                 {lp64_product} {ergonomic}
     bool UseCompressedOops                        = true                                 {lp64_product} {ergonomic}
     bool UseG1GC                                  = true                                      {product} {ergonomic}
     bool UseLargePagesIndividualAllocation        = false                                  {pd product} {ergonomic}

Logging:
Log output configuration:
 #0: stdout all=warning uptime,level,tags
 #1: stderr all=off uptime,level,tags

Environment Variables:
JAVA_HOME=C:\Program Files\Java\jdk-13.0.2
PATH=C:\Program Files (x86)\Common Files\Oracle\Java\javapath;C:\Python38\Scripts\;C:\Python38\;C:\ProgramData\Oracle\Java\javapath;C:\Program Files (x86)\Intel\iCLS Client\;C:\Program Files\Intel\iCLS Client\;C:\Windows\system32;C:\Windows;C:\Windows\System32\Wbem;C:\Windows\System32\WindowsPowerShell\v1.0\;C:\Program Files\Intel\Intel(R) Management Engine Components\DAL;C:\Program Files (x86)\Intel\Intel(R) Management Engine Components\DAL;C:\Program Files\Intel\Intel(R) Management Engine Components\IPT;C:\Program Files (x86)\Intel\Intel(R) Management Engine Components\IPT;C:\Program Files (x86)\NVIDIA Corporation\PhysX\Common;C:\WINDOWS\system32;C:\WINDOWS;C:\WINDOWS\System32\Wbem;C:\WINDOWS\System32\WindowsPowerShell\v1.0\;C:\Program Files (x86)\Windows Live\Shared;C:\Program Files (x86)\QuickTime\QTSystem\;C:\WINDOWS\System32\OpenSSH\;C:\Program Files\dotnet\;C:\Program Files\Microsoft SQL Server\130\Tools\Binn\;C:\Program Files\Intel\WiFi\bin\;C:\Program Files\Common Files\Intel\WirelessCommon\;C:\Program Files\nodejs\;C:\hadoop-3.1.0\hadoop-3.1.0\bin;C:\hadoop-3.1.0\hadoop-3.1.0\sbin;C:\Program Files\NVIDIA Corporation\NVIDIA NvDLISR;C:\WINDOWS\system32;C:\WINDOWS;C:\WINDOWS\System32\Wbem;C:\WINDOWS\System32\WindowsPowerShell\v1.0\;C:\WINDOWS\System32\OpenSSH\;C:\Program Files\Microsoft SQL Server\Client SDK\ODBC\170\Tools\Binn\;C:\ProgramData\chocolatey\bin;C:\MinGW\bin;C:\MinGW\bin\g++.exe;C:\Program Files (x86)\Microsoft SQL Server\150\DTS\Binn\;C:\Program Files (x86)\Microsoft SQL Server\150\Tools\Binn\;C:\Program Files\Microsoft SQL Server\150\Tools\Binn\;C:\Program Files\Microsoft SQL Server\150\DTS\Binn\;C:\Program Files\Java\jdk-11.0.6\bin;C:\Program Files\Git\cmd;C:\xampp\php;C:\composer;D:\apache-maven-3.6.3-bin\apache-maven-3.6.3\bin;C:\Program Files\PuTTY\;C:\Users\Gaming\AppData\Local\Programs\Microsoft VS Code\bin;C:\Users\Gaming\AppData\Local\GitHubDesktop\bin;C:\Users\Gaming\AppData\Roaming\Composer\vendor\bin
USERNAME=FIQMANAN
OS=Windows_NT
PROCESSOR_IDENTIFIER=Intel64 Family 6 Model 60 Stepping 3, GenuineIntel



---------------  S Y S T E M  ---------------

OS: Windows 10 , 64 bit Build 18362 (10.0.18362.329)

CPU:total 5 (initial active 5) (4 cores per cpu, 2 threads per core) family 6 model 60 stepping 3, cmov, cx8, fxsr, mmx, sse, sse2, sse3, ssse3, sse4.1, sse4.2, popcnt, avx, avx2, aes, clmul, erms, lzcnt, ht, tsc, tscinvbit, bmi1, bmi2, fma

Memory: 4k page, system-wide physical 12176M (2012M free)
TotalPageFile size 20655M (AvailPageFile size 4330M)
current process WorkingSet (physical memory assigned to process): 86M, peak: 86M
current process commit charge ("private bytes"): 300M, peak: 300M

vm_info: Java HotSpot(TM) 64-Bit Server VM (13.0.2+8) for windows-amd64 JRE (13.0.2+8), built on Dec 11 2019 09:20:33 by "mach5one" with unknown MS VC++:1916

END.
